175.11306586084092 channels per MeV
6.548263144191014 channels per nsec
Det	Strip	eOffset	eGain	eFactor	tOffset	tGain	tFactor
0	0	125.52318729400814	397.2921490111824	0.4407664895887789	1503.7238617032144	6.818481331986206	0.9603697400288287
0	1	148.7930947937315	395.4295680596888	0.44284261978711764	1556.7861460025736	6.749123898015744	0.970238988517638
0	2	127.42661395531304	385.3722402294448	0.45439979215052245	1591.2283270117455	6.824565363581037	0.9595135800347819
0	3	120.93922798396292	396.7706146985808	0.4413458541879948	1603.875815287944	6.865023143821516	0.9538588591772507
0	4	138.64318292469858	394.4741097083476	0.4439152318267727	1548.5950619727334	6.764025299525755	0.9681015156241554
0	5	92.50201	456.277	0.38378674765732423	1521.0055143044724	6.63225871202716	0.9873352998603891
0	6	153.333126909399	394.2159320405414	0.4442059582788049	1530.3468445449196	6.807232966463332	0.9619566682162687
0	7	107.97430014544936	392.8151157648863	0.44579003921440813	1541.2719134519195	6.902852194717515	0.9486315162886069
0	8	118.63661502091091	383.47328507492125	0.456649974525939	1499.5852590184932	6.735460732717099	0.9722071591009678
0	9	128.98708096001926	394.7752417366181	0.44357661612850324	0.0	0.0	0.0
0	10	124.11310406514302	398.9779682780744	0.4389040994333625	1473.3917010490165	6.703737557383198	0.97680780134047
0	11	137.00740623544638	381.42300499263723	0.45910462549111636	1554.690557839485	6.953674253202427	0.9416982886673608
0	12	120.76561661669749	374.061569798535	0.46813968608203904	1924.8476515330308	7.939557678094365	0.8247642261303798
0	13	111.8216040943658	392.3090722704764	0.44636506835638434	1557.3058663084275	6.816394027473082	0.9606638228069883
0	14	106.06963662756786	384.0616880980913	0.45595036237021425	1520.8160515486159	6.717283841774178	0.9748379402204148
0	15	124.27038070308893	399.34577872478974	0.4384998544870574	1552.7666986512095	6.891268680359505	0.950226068365891
1	0	112.8008465429668	422.85426728815264	0.4141215529971481	1701.3263914916813	6.919165039748288	0.9463949922531741
1	1	118.90985726283675	377.1799657536959	0.4642692660277517	1651.556168443208	6.905113692547577	0.9483208294250538
1	2	157.12216203724913	390.74359180871693	0.44815339146128613	1657.0057038243967	6.872409244499895	0.9528337023048649
1	3	114.3433	443.66717	0.3946946668621907	1627.7441641432908	6.8574479340119865	0.9549125574417475
1	4	150.96735691473629	388.0601853468301	0.4512523378411857	1651.7073489945635	6.581636233379179	0.994929362850698
1	5	149.72314201936757	392.48972198814937	0.44615962164259726	1631.605692499029	6.933404002315663	0.9444514039574188
1	6	165.260511351564	389.02218134154947	0.4501364556050778	1557.3930182675215	6.765679187869254	0.9678648606235922
1	7	145.01597415397046	407.0627012504461	0.43018695970649073	1618.1022101104056	6.844843994604046	0.9566709116165637
1	8	139.06364796269	375.9498261685395	0.46578839427987173	1671.7738850044414	6.8415128381622825	0.9571367180171748
1	9	148.9376869746228	389.7494804082611	0.4492964703311744	1556.9208725617593	6.652730268231517	0.9842971051239879
1	10	142.94189470731726	399.37372835971155	0.4384691666626566	1610.9987039227126	6.755779544052756	0.9692831303170005
1	11	129.6590651757681	394.8065260561267	0.4435414672855392	1675.5107115881256	6.841523684019254	0.9571352006698082
1	12	158.65262429269077	365.62993606205345	0.47893525280468646	1698.7521403426458	6.806330430568623	0.9620842259995818
1	13	116.24097574009096	374.8697766191848	0.46713039242619786	1486.5559201083345	6.548263144191014	1.0
1	14	131.55326463895636	374.8157536664007	0.46719772087460804	1579.4065860868345	6.674346760159549	0.9811092200481473
1	15	121.47589650405996	408.3224735224027	0.42885973027696533	1679.124281332956	6.844246047515587	0.9567544911054137
2	0	136.45612901792157	340.4142686050083	0.5144116507760996	1448.4798483763939	6.9631959830519	0.940410575851834
2	1	123.00174131807935	175.11306586084092	1.0	0.0	0.0	0.0
2	2	135.16340837939757	312.42786033497686	0.5604911984260601	1528.0415461874006	7.016989049724539	0.9332012773267866
2	3	146.01978477259613	316.4579838675028	0.5533532879175477	1492.6575381545351	6.908441769540777	0.947863984764584
2	4	123.41086033848853	313.23231923002925	0.559051716921467	1439.7611729380164	6.738967327480053	0.9717012749844641
2	5	124.57338564372817	330.6820943135627	0.5295510971779241	1712.3769558272986	7.582722631032162	0.8635767735183085
2	6	113.09059543833168	319.77599289569815	0.5476116711424233	1456.5312102792363	6.890084996966545	0.9503893126244419
2	7	138.4729737155411	313.3236563246171	0.5588887475493267	1712.8216999478889	7.501518985981927	0.8729249577889144
2	8	143.81862035746363	308.26908750642724	0.568052629854396	1373.094946417543	6.6316111497843755	0.9874317109808117
2	9	114.06404354498703	313.77303460251625	0.5580883203767716	1772.1361102429648	7.53287147629445	0.8692917654042092
2	10	129.56239883574	314.65778496627735	0.5565190954344518	1716.0923204695023	7.586998144915426	0.8630901206400663
2	11	138.53870699082003	315.72978877213905	0.5546295347735444	1490.8112718307011	6.701753823236979	0.977096938638097
2	12	139.9967545443448	303.2211007021943	0.5775094986968817	1688.5633939082857	7.578430545921561	0.8640658648927058
2	13	78.83413114189203	317.02503124458434	0.5523635315904801	1761.2061800989147	7.62392525276711	0.8589096727849367
2	14	158.75736933536524	309.5802988775388	0.5656466722713215	1668.6664363239354	7.410830632308096	0.8836071783429172
2	15	151.70772941692945	330.0167125401403	0.5306187814338091	1725.8365170671184	7.546131522641916	0.8677642477530598
3	0	163.19742966822707	304.62957105035434	0.5748393540950602	1445.1191467926592	6.786056748852155	0.9649585004279012
3	1	153.45214394856515	328.5762023442254	0.5329450660501204	1453.59721444704	6.78491173263393	0.9651213460442399
3	2	145.19615634029955	325.2923934756513	0.5383251172577709	1435.360652289327	6.813128539268515	0.9611242627302702
3	3	163.94154334102564	306.85923036000656	0.5706625336164686	1439.2954990132384	6.752600615245243	0.9697394407433338
3	4	143.10510872782794	310.95771590214923	0.5631410860888388	1452.8252188873291	6.850410319539117	0.955893565311511
3	5	139.63173003575142	318.76903506661677	0.5493415187715631	1482.4254469879295	6.845201113149387	0.9566210014797132
3	6	151.77846306694124	331.3176912199513	0.528535211072049	1377.7899359660487	6.797191937229936	0.9633777013599578
3	7	123.01603424960011	323.3953488420404	0.5414829449089367	1466.2961328759018	6.89499853382214	0.9497120430221588
3	8	136.83765708326186	317.0811428131258	0.5522657837903818	1416.477156375608	6.744758190325343	0.9708669991436935
3	9	112.25100788813876	312.20797529223375	0.5608859469298666	1343.84557908258	6.798388076930283	0.9632082002514618
3	10	138.62120999616283	322.17842270719376	0.5435282238624322	1340.2678995713507	6.667430814247606	0.9821268981446433
3	11	132.65037341877107	298.5271476040409	0.5865900882592647	1410.8935094823676	6.709900955646165	0.9759105518064111
3	12	155.68207022041898	312.81142006273654	0.5598039413833444	1461.6992098948278	6.81360504033474	0.961057047690177
3	13	125.87990198038717	303.84457053422506	0.5763244857492564	1397.1133310393561	6.7660003989369	0.967818911926151
3	14	154.786312635328	329.7573577430334	0.5310361141275867	1409.067405878626	6.834226917167702	0.9581571147047603
3	15	114.66292191657382	318.0088585437682	0.5506546788121619	1482.083154479953	6.8870893992259505	0.9508026924882059
4	0	82.62275440896458	413.94046382151276	0.4230392560422603	1404.4881315680216	6.780797616862145	0.9657069144649184
4	1	98.71855305537828	399.5299036757996	0.43829777007865034	1850.1346987059792	7.765838586729977	0.8432139132250935
4	2	157.96202253078692	355.0263826968971	0.4932395855503034	1734.7282675894126	7.574839711885315	0.8644754731795118
4	3	170.19936628488483	400.6068763653021	0.43711947096275067	1742.1940751778236	7.7058343781222804	0.8497798970066448
4	4	156.6009601922161	398.7981724005787	0.43910197683891594	1868.0890184887508	7.712973158332622	0.8489933790469208
4	5	133.64424152485873	388.40731048018074	0.45084904721374036	1336.3054649372405	6.816237025206998	0.960685950323471
4	6	163.09641934736268	392.5957310992025	0.4460391491536435	1329.5871539317168	6.703788586584744	0.9768003658849029
4	7	142.72678609434118	403.7148220145126	0.43375436400139405	1359.7119927038318	6.825685029083977	0.9593561842202095
4	8	178.6584708751853	384.43329148000987	0.45550962869704176	1396.378187069055	6.740072854906188	0.9715418935604601
4	9	163.1701364105513	400.81418687469284	0.43689338250790705	1431.4300876931402	6.691430353872347	0.978604393663235
4	10	192.45649882191134	383.94898339368734	0.456084202419378	1304.3118046482339	6.602641613095162	0.9917641344039788
4	11	152.58931532310348	383.89473950595817	0.4561486465956721	1350.4026673312108	6.845968466137203	0.9565137754550355
4	12	168.70207406753713	376.5738478404269	0.46501653491095607	1400.5008014591529	6.731160006106514	0.9728283294781915
4	13	160.86550270086573	385.72582942424435	0.4539832505441089	1419.9739224797047	6.781462752773924	0.9656121965003021
4	14	123.00222250887411	381.885029130064	0.4585491771168651	1361.7404456435193	6.738420294953878	0.9717801587850992
4	15	141.85413363610252	408.10764931387723	0.4290854781948984	1381.5360472232344	6.770875743371853	0.9671220374412042
