#
# A fatal error has been detected by the Java Runtime Environment:
#
#  SIGSEGV (0xb) at pc=0x0000000107ea3455, pid=889, tid=58631
#
# JRE version: Java(TM) SE Runtime Environment (10.0.1+10) (build 10.0.1+10)
# Java VM: Java HotSpot(TM) 64-Bit Server VM (10.0.1+10, mixed mode, tiered, compressed oops, g1 gc, bsd-amd64)
# Problematic frame:
# C  [libawt_lwawt.dylib+0x1c455]  OGLSD_SetScratchSurface+0x2d
#
# No core dump will be written. Core dumps have been disabled. To enable core dumping, try "ulimit -c unlimited" before starting Java again
#
# If you would like to submit a bug report, please visit:
#   http://bugreport.java.com/bugreport/crash.jsp
# The crash happened outside the Java Virtual Machine in native code.
# See problematic frame for where to report the bug.
#

---------------  S U M M A R Y ------------

Command Line: -Dfile.encoding=UTF-8 dwvisser.SpecPlot

Host: MacBookPro9,2 x86_64 2500 MHz, 4 cores, 16G, Darwin 17.5.0
Time: Sun Jul 12 09:31:25 2020 CDT elapsed time: 209786 seconds (2d 10h 16m 26s)

---------------  T H R E A D  ---------------

Current thread (0x00007fcc1a9d0000):  JavaThread "Java2D Queue Flusher" daemon [_thread_in_native, id=58631, stack(0x000070000cff8000,0x000070000d0f8000)]

Stack: [0x000070000cff8000,0x000070000d0f8000],  sp=0x000070000d0f78d0,  free space=1022k
Native frames: (J=compiled Java code, A=aot compiled Java code, j=interpreted, Vv=VM code, C=native code)
C  [libawt_lwawt.dylib+0x1c455]  OGLSD_SetScratchSurface+0x2d
C  [libawt_lwawt.dylib+0x41d83]  Java_sun_java2d_opengl_OGLRenderQueue_flushBuffer+0x643
J 2268  sun.java2d.opengl.OGLRenderQueue.flushBuffer(JI)V java.desktop@10.0.1 (0 bytes) @ 0x000000011b2b0fed [0x000000011b2b0f40+0x00000000000000ad]
J 2243 c1 sun.java2d.opengl.OGLRenderQueue.flushBuffer()V java.desktop@10.0.1 (41 bytes) @ 0x0000000114110c9c [0x0000000114110b80+0x000000000000011c]
J 3651% c2 sun.java2d.opengl.OGLRenderQueue$QueueFlusher.run()V java.desktop@10.0.1 (234 bytes) @ 0x000000011b3ba5ac [0x000000011b3ba220+0x000000000000038c]
j  java.lang.Thread.run()V+11 java.base@10.0.1
v  ~StubRoutines::call_stub
V  [libjvm.dylib+0x3d8c3e]  JavaCalls::call_helper(JavaValue*, methodHandle const&, JavaCallArguments*, Thread*)+0x216
V  [libjvm.dylib+0x3d8252]  JavaCalls::call_virtual(JavaValue*, Klass*, Symbol*, Symbol*, JavaCallArguments*, Thread*)+0x12a
V  [libjvm.dylib+0x3d8312]  JavaCalls::call_virtual(JavaValue*, Handle, Klass*, Symbol*, Symbol*, Thread*)+0x6a
V  [libjvm.dylib+0x4540a8]  thread_entry(JavaThread*, Thread*)+0x77
V  [libjvm.dylib+0x74679c]  JavaThread::thread_main_inner()+0x86
V  [libjvm.dylib+0x633a5f]  thread_native_entry(Thread*)+0x12b
C  [libsystem_pthread.dylib+0x3661]  _pthread_body+0x154
C  [libsystem_pthread.dylib+0x350d]  _pthread_body+0x0
C  [libsystem_pthread.dylib+0x2bf9]  thread_start+0xd
C  0x0000000000000000

Java frames: (J=compiled Java code, j=interpreted, Vv=VM code)
J 2268  sun.java2d.opengl.OGLRenderQueue.flushBuffer(JI)V java.desktop@10.0.1 (0 bytes) @ 0x000000011b2b0f78 [0x000000011b2b0f40+0x0000000000000038]
J 2243 c1 sun.java2d.opengl.OGLRenderQueue.flushBuffer()V java.desktop@10.0.1 (41 bytes) @ 0x0000000114110c9c [0x0000000114110b80+0x000000000000011c]
J 3651% c2 sun.java2d.opengl.OGLRenderQueue$QueueFlusher.run()V java.desktop@10.0.1 (234 bytes) @ 0x000000011b3ba5ac [0x000000011b3ba220+0x000000000000038c]
j  java.lang.Thread.run()V+11 java.base@10.0.1
v  ~StubRoutines::call_stub

siginfo: si_signo: 11 (SIGSEGV), si_code: 0 (unknown), si_addr: 0x0000000000000000

Register to memory mapping:

RAX=0x00007fcc1b1f5038 is an unknown value
RBX=0x0020000000000000 is an unknown value
RCX=0x00007fcc1b1f5040 is an unknown value
RDX=0x00007fcc1ac10000 is an unknown value
RSP=0x000070000d0f78d0 is pointing into the stack for thread: 0x00007fcc1a9d0000
RBP=0x000070000d0f7900 is pointing into the stack for thread: 0x00007fcc1a9d0000
RSI=0x00007fcc1c11ee10 is an unknown value
RDI=0x00007fcc1b1f5038 is an unknown value
R8 =0x000000000000041f is an unknown value
R9 =0xffffffff00000000 is an unknown value
R10=0x000000011b2b0f78 is at entry_point+56 in (nmethod*)0x000000011b2b0d90
R11=0x0000000000000000 is an unknown value
R12=0x00007fcc1ac10008 is an unknown value
R13=0x00007fff85f90002: __block_descriptor_tmp.474+0x2 in /System/Library/Frameworks/CoreFoundation.framework/Versions/A/CoreFoundation at 0x00007fff2c08e000
R14=0x00007fcc1b1f5038 is an unknown value
R15=0x00007fcc1a9d0270 is an unknown value


Registers:
RAX=0x00007fcc1b1f5038, RBX=0x0020000000000000, RCX=0x00007fcc1b1f5040, RDX=0x00007fcc1ac10000
RSP=0x000070000d0f78d0, RBP=0x000070000d0f7900, RSI=0x00007fcc1c11ee10, RDI=0x00007fcc1b1f5038
R8 =0x000000000000041f, R9 =0xffffffff00000000, R10=0x000000011b2b0f78, R11=0x0000000000000000
R12=0x00007fcc1ac10008, R13=0x00007fff85f90002, R14=0x00007fcc1b1f5038, R15=0x00007fcc1a9d0270
RIP=0x0000000107ea3455, EFLAGS=0x0000000000010206, ERR=0x0000000000000000
  TRAPNO=0x000000000000000d

Top of Stack: (sp=0x000070000d0f78d0)
0x000070000d0f78d0:   0000000107ec8d5b 00007fcc1ac10010
0x000070000d0f78e0:   00007fcc1ac10008 00007fcc1ac10020
0x000070000d0f78f0:   000070000d0f7a48 00007fcc1c11ee10
0x000070000d0f7900:   000070000d0f7980 0000000107ec8d83
0x000070000d0f7910:   000070000d0f7930 0000000105165867
0x000070000d0f7920:   000070000d0f7930 0000000105165819
0x000070000d0f7930:   000070000d0f7940 0000000105165719
0x000070000d0f7940:   000070000d0f7960 000000000516569e
0x000070000d0f7950:   00007fcc1a9d0270 000000017508b980
0x000070000d0f7960:   0000000000000000 00000006c0267bf8
0x000070000d0f7970:   000070000d0f7a48 00007fcc1a9d0000
0x000070000d0f7980:   000070000d0f79d0 000000011b2b0fed
0x000070000d0f7990:   00000006c0000fb8 00007fcc00000005
0x000070000d0f79a0:   00007fcc1a9d0000 0000000105165501
0x000070000d0f79b0:   00007fcc19e90160 00000006c0267b00
0x000070000d0f79c0:   00007fcc1a9d0000 00007fcc1a9d0000
0x000070000d0f79d0:   00000006c0267bf8 0000000114110c9c
0x000070000d0f79e0:   000070000d0f7a48 00007fcc1a9d0000
0x000070000d0f79f0:   000070000d0f7a40 000000011b264e6b
0x000070000d0f7a00:   00000006c0267bf8 0000000171876a68
0x000070000d0f7a10:   0000000000000000 00000006c01c0f30
0x000070000d0f7a20:   00000001718769f8 0000000000000000
0x000070000d0f7a30:   00000006c0000fb8 00000006c0267bf8
0x000070000d0f7a40:   00000006c0267bf8 000000011b3ba5ac
0x000070000d0f7a50:   00000001318a2e50 00000006c0267bf8
0x000070000d0f7a60:   0000700000000000 000070000d0f7ae8
0x000070000d0f7a70:   0000000000000001 0000000000000000
0x000070000d0f7a80:   000070000d0f7ae8 0000000113737f88
0x000070000d0f7a90:   00000006c0267bf8 00000006c0267bf8
0x000070000d0f7aa0:   000070000d0f7aa0 000000012c7691db
0x000070000d0f7ab0:   000070000d0f7af8 000000012c846d80
0x000070000d0f7ac0:   0000000000000000 00000006c0254188 

Instructions: (pc=0x0000000107ea3455)
0x0000000107ea3435:   50 49 89 ff 48 85 f6 74 57 4c 8b 6e 10 4d 85 ed
0x0000000107ea3445:   74 57 49 8b 5d 00 31 c0 e8 08 f4 02 00 49 89 c6
0x0000000107ea3455:   48 8b 3b 48 8b 35 f1 77 06 00 ff 15 c3 b0 05 00
0x0000000107ea3465:   48 85 c0 74 53 48 8b 3d 6f 83 06 00 48 8b 35 e0 


---------------  P R O C E S S  ---------------

Threads class SMR info:
_java_thread_list=0x00007fcc1e4565a0, length=17, elements={
0x00007fcc1b005000, 0x00007fcc1a009800, 0x00007fcc1a022800, 0x00007fcc1a023800,
0x00007fcc1a00d000, 0x00007fcc1b8d2800, 0x00007fcc1a84d000, 0x00007fcc1a00c000,
0x00007fcc1b95f800, 0x00007fcc1a04a800, 0x00007fcc1a9d0000, 0x00007fcc1b1f1800,
0x00007fcc1a92d000, 0x00007fcc1b1b0800, 0x00007fcc1a538800, 0x00007fcc1b807000,
0x00007fcc1ad78000
}

Java Threads: ( => current thread )
  0x00007fcc1b005000 JavaThread "Reference Handler" daemon [_thread_blocked, id=15107, stack(0x000070000c34e000,0x000070000c44e000)]
  0x00007fcc1a009800 JavaThread "Finalizer" daemon [_thread_blocked, id=17667, stack(0x000070000c451000,0x000070000c551000)]
  0x00007fcc1a022800 JavaThread "Signal Dispatcher" daemon [_thread_blocked, id=22275, stack(0x000070000c554000,0x000070000c654000)]
  0x00007fcc1a023800 JavaThread "C2 CompilerThread0" daemon [_thread_blocked, id=41987, stack(0x000070000c657000,0x000070000c757000)]
  0x00007fcc1a00d000 JavaThread "C2 CompilerThread1" daemon [_thread_blocked, id=22787, stack(0x000070000c75a000,0x000070000c85a000)]
  0x00007fcc1b8d2800 JavaThread "C1 CompilerThread2" daemon [_thread_blocked, id=41219, stack(0x000070000c85d000,0x000070000c95d000)]
  0x00007fcc1a84d000 JavaThread "Sweeper thread" daemon [_thread_blocked, id=40707, stack(0x000070000c960000,0x000070000ca60000)]
  0x00007fcc1a00c000 JavaThread "Service Thread" daemon [_thread_blocked, id=40195, stack(0x000070000ca63000,0x000070000cb63000)]
  0x00007fcc1b95f800 JavaThread "Common-Cleaner" daemon [_thread_blocked, id=39683, stack(0x000070000cb66000,0x000070000cc66000)]
  0x00007fcc1a04a800 JavaThread "AppKit Thread" daemon [_thread_blocked, id=775, stack(0x00007ffeeb33d000,0x00007ffeebb3d000)]
=>0x00007fcc1a9d0000 JavaThread "Java2D Queue Flusher" daemon [_thread_in_native, id=58631, stack(0x000070000cff8000,0x000070000d0f8000)]
  0x00007fcc1b1f1800 JavaThread "Java2D Disposer" daemon [_thread_blocked, id=60419, stack(0x000070000d0fb000,0x000070000d1fb000)]
  0x00007fcc1a92d000 JavaThread "AWT-Shutdown" [_thread_blocked, id=71943, stack(0x000070000cd6c000,0x000070000ce6c000)]
  0x00007fcc1b1b0800 JavaThread "AWT-EventQueue-0" [_thread_blocked, id=71427, stack(0x000070000d301000,0x000070000d401000)]
  0x00007fcc1a538800 JavaThread "Timer-0" daemon [_thread_blocked, id=62211, stack(0x000070000d507000,0x000070000d607000)]
  0x00007fcc1b807000 JavaThread "DestroyJavaVM" [_thread_blocked, id=10243, stack(0x00000001040f6000,0x00000001041f6000)]
  0x00007fcc1ad78000 JavaThread "TimerQueue" daemon [_thread_blocked, id=65027, stack(0x000070000d1fe000,0x000070000d2fe000)]

Other Threads:
  0x00007fcc1a008800 VMThread "VM Thread" [stack: 0x000070000c24b000,0x000070000c34b000] [id=14595]
  0x00007fcc1a84d800 WatcherThread [stack: 0x000070000cc69000,0x000070000cd69000] [id=39427]
  0x00007fcc1b815000 GCTaskThread "GC Thread#0" [stack: 0x000070000b72a000,0x000070000b82a000] [id=20739]
  0x00007fcc1b815800 GCTaskThread "GC Thread#1" [stack: 0x000070000b82d000,0x000070000b92d000] [id=11011]
  0x00007fcc1b816800 GCTaskThread "GC Thread#2" [stack: 0x000070000b930000,0x000070000ba30000] [id=11267]
  0x00007fcc1b817000 GCTaskThread "GC Thread#3" [stack: 0x000070000ba33000,0x000070000bb33000] [id=19971]
  0x00007fcc1b844000 ConcurrentGCThread "G1 Main Marker" [stack: 0x000070000bb36000,0x000070000bc36000] [id=11779]
  0x00007fcc1b845000 ConcurrentGCThread "G1 Conc#0" [stack: 0x000070000bc39000,0x000070000bd39000] [id=12291]
  0x00007fcc1a820800 ConcurrentGCThread "G1 Refine#0" [stack: 0x000070000bd3c000,0x000070000be3c000] [id=12547]
  0x00007fcc1a821800 ConcurrentGCThread "G1 Refine#1" [stack: 0x000070000be3f000,0x000070000bf3f000] [id=12803]
  0x00007fcc1a822000 ConcurrentGCThread "G1 Refine#2" [stack: 0x000070000bf42000,0x000070000c042000] [id=13059]
  0x00007fcc1a823000 ConcurrentGCThread "G1 Refine#3" [stack: 0x000070000c045000,0x000070000c145000] [id=13571]
  0x00007fcc1a823800 ConcurrentGCThread "G1 Young RemSet Sampling" [stack: 0x000070000c148000,0x000070000c248000] [id=14083]

Threads with active compile tasks:

VM state:at safepoint (normal execution)

VM Mutex/Monitor currently owned by a thread:  ([mutex/lock_event])
[0x00007fcc19c09a10] Threads_lock - owner thread: 0x00007fcc1a008800
[0x00007fcc19c09f10] Heap_lock - owner thread: 0x00007fcc1b844000

Heap address: 0x00000006c0000000, size: 4096 MB, Compressed Oops mode: Zero based, Oop shift amount: 3
Narrow klass base: 0x0000000000000000, Narrow klass shift: 3
Compressed class space size: 1073741824 Address: 0x00000007c0000000

Heap:
 garbage-first heap   total 262144K, used 137161K [0x00000006c0000000, 0x00000007c0000000)
  region size 1024K, 9 young (9216K), 7 survivors (7168K)
 Metaspace       used 23319K, capacity 23777K, committed 24320K, reserved 1071104K
  class space    used 2494K, capacity 2732K, committed 2816K, reserved 1048576K
Heap Regions: E=young(eden), S=young(survivor), O=old, HS=humongous(starts), HC=humongous(continues), CS=collection set, F=free, A=archive, TS=gc time stamp, AC=allocation context, TAMS=top-at-mark-start (previous, next)
|   0|0x00000006c0000000, 0x00000006c0100000, 0x00000006c0100000|100%| O|  |TS  0|AC  0|TAMS 0x00000006c0100000, 0x00000006c0100000|
|   1|0x00000006c0100000, 0x00000006c0200000, 0x00000006c0200000|100%| O|  |TS  0|AC  0|TAMS 0x00000006c0200000, 0x00000006c0200000|
|   2|0x00000006c0200000, 0x00000006c0300000, 0x00000006c0300000|100%| O|  |TS  0|AC  0|TAMS 0x00000006c0300000, 0x00000006c0300000|
|   3|0x00000006c0300000, 0x00000006c0400000, 0x00000006c0400000|100%| O|  |TS  1|AC  0|TAMS 0x00000006c03c4000, 0x00000006c0400000|
|   4|0x00000006c0400000, 0x00000006c0500000, 0x00000006c0500000|100%| O|  |TS  1|AC  0|TAMS 0x00000006c0400000, 0x00000006c0500000|
|   5|0x00000006c0500000, 0x00000006c0600000, 0x00000006c0600000|100%| O|  |TS  1|AC  0|TAMS 0x00000006c0500000, 0x00000006c0600000|
|   6|0x00000006c0600000, 0x00000006c0700000, 0x00000006c0700000|100%| O|  |TS  2|AC  0|TAMS 0x00000006c0600000, 0x00000006c0700000|
|   7|0x00000006c0700000, 0x00000006c072e200, 0x00000006c0800000| 18%| O|  |TS  3|AC  0|TAMS 0x00000006c0700000, 0x00000006c072e200|
|   8|0x00000006c0800000, 0x00000006c0900000, 0x00000006c0900000|100%|HS|  |TS  0|AC  0|TAMS 0x00000006c0800000, 0x00000006c0900000|
|   9|0x00000006c0900000, 0x00000006c0a00000, 0x00000006c0a00000|100%|HC|  |TS  0|AC  0|TAMS 0x00000006c0900000, 0x00000006c0a00000|
|  10|0x00000006c0a00000, 0x00000006c0b00000, 0x00000006c0b00000|100%|HC|  |TS  0|AC  0|TAMS 0x00000006c0a00000, 0x00000006c0b00000|
|  11|0x00000006c0b00000, 0x00000006c0c00000, 0x00000006c0c00000|100%|HC|  |TS  0|AC  0|TAMS 0x00000006c0b00000, 0x00000006c0c00000|
|  12|0x00000006c0c00000, 0x00000006c0d00000, 0x00000006c0d00000|100%|HC|  |TS  0|AC  0|TAMS 0x00000006c0c00000, 0x00000006c0d00000|
|  13|0x00000006c0d00000, 0x00000006c0e00000, 0x00000006c0e00000|100%|HC|  |TS  0|AC  0|TAMS 0x00000006c0d00000, 0x00000006c0e00000|
|  14|0x00000006c0e00000, 0x00000006c0f00000, 0x00000006c0f00000|100%|HC|  |TS  0|AC  0|TAMS 0x00000006c0e00000, 0x00000006c0f00000|
|  15|0x00000006c0f00000, 0x00000006c1000000, 0x00000006c1000000|100%|HS|  |TS  0|AC  0|TAMS 0x00000006c0f00000, 0x00000006c1000000|
|  16|0x00000006c1000000, 0x00000006c1100000, 0x00000006c1100000|100%|HC|  |TS  0|AC  0|TAMS 0x00000006c1000000, 0x00000006c1100000|
|  17|0x00000006c1100000, 0x00000006c1200000, 0x00000006c1200000|100%|HC|  |TS  0|AC  0|TAMS 0x00000006c1100000, 0x00000006c1200000|
|  18|0x00000006c1200000, 0x00000006c1300000, 0x00000006c1300000|100%|HC|  |TS  0|AC  0|TAMS 0x00000006c1200000, 0x00000006c1300000|
|  19|0x00000006c1300000, 0x00000006c1400000, 0x00000006c1400000|100%|HC|  |TS  0|AC  0|TAMS 0x00000006c1300000, 0x00000006c1400000|
|  20|0x00000006c1400000, 0x00000006c1500000, 0x00000006c1500000|100%|HC|  |TS  0|AC  0|TAMS 0x00000006c1400000, 0x00000006c1500000|
|  21|0x00000006c1500000, 0x00000006c1600000, 0x00000006c1600000|100%|HC|  |TS  0|AC  0|TAMS 0x00000006c1500000, 0x00000006c1600000|
|  22|0x00000006c1600000, 0x00000006c1700000, 0x00000006c1700000|100%|HS|  |TS  0|AC  0|TAMS 0x00000006c1600000, 0x00000006c1700000|
|  23|0x00000006c1700000, 0x00000006c1800000, 0x00000006c1800000|100%|HC|  |TS  0|AC  0|TAMS 0x00000006c1700000, 0x00000006c1800000|
|  24|0x00000006c1800000, 0x00000006c1900000, 0x00000006c1900000|100%|HC|  |TS  0|AC  0|TAMS 0x00000006c1800000, 0x00000006c1900000|
|  25|0x00000006c1900000, 0x00000006c1a00000, 0x00000006c1a00000|100%|HC|  |TS  0|AC  0|TAMS 0x00000006c1900000, 0x00000006c1a00000|
|  26|0x00000006c1a00000, 0x00000006c1b00000, 0x00000006c1b00000|100%|HC|  |TS  0|AC  0|TAMS 0x00000006c1a00000, 0x00000006c1b00000|
|  27|0x00000006c1b00000, 0x00000006c1c00000, 0x00000006c1c00000|100%|HC|  |TS  0|AC  0|TAMS 0x00000006c1b00000, 0x00000006c1c00000|
|  28|0x00000006c1c00000, 0x00000006c1d00000, 0x00000006c1d00000|100%|HC|  |TS  0|AC  0|TAMS 0x00000006c1c00000, 0x00000006c1d00000|
|  29|0x00000006c1d00000, 0x00000006c1e00000, 0x00000006c1e00000|100%|HS|  |TS  0|AC  0|TAMS 0x00000006c1d00000, 0x00000006c1e00000|
|  30|0x00000006c1e00000, 0x00000006c1f00000, 0x00000006c1f00000|100%|HC|  |TS  0|AC  0|TAMS 0x00000006c1e00000, 0x00000006c1f00000|
|  31|0x00000006c1f00000, 0x00000006c2000000, 0x00000006c2000000|100%|HC|  |TS  0|AC  0|TAMS 0x00000006c1f00000, 0x00000006c2000000|
|  32|0x00000006c2000000, 0x00000006c2100000, 0x00000006c2100000|100%|HC|  |TS  0|AC  0|TAMS 0x00000006c2000000, 0x00000006c2100000|
|  33|0x00000006c2100000, 0x00000006c2200000, 0x00000006c2200000|100%|HC|  |TS  0|AC  0|TAMS 0x00000006c2100000, 0x00000006c2200000|
|  34|0x00000006c2200000, 0x00000006c2300000, 0x00000006c2300000|100%|HC|  |TS  0|AC  0|TAMS 0x00000006c2200000, 0x00000006c2300000|
|  35|0x00000006c2300000, 0x00000006c2400000, 0x00000006c2400000|100%|HC|  |TS  0|AC  0|TAMS 0x00000006c2300000, 0x00000006c2400000|
|  36|0x00000006c2400000, 0x00000006c2500000, 0x00000006c2500000|100%|HS|  |TS  0|AC  0|TAMS 0x00000006c2400000, 0x00000006c2500000|
|  37|0x00000006c2500000, 0x00000006c2600000, 0x00000006c2600000|100%|HC|  |TS  0|AC  0|TAMS 0x00000006c2500000, 0x00000006c2600000|
|  38|0x00000006c2600000, 0x00000006c2700000, 0x00000006c2700000|100%|HC|  |TS  0|AC  0|TAMS 0x00000006c2600000, 0x00000006c2700000|
|  39|0x00000006c2700000, 0x00000006c2800000, 0x00000006c2800000|100%|HC|  |TS  0|AC  0|TAMS 0x00000006c2700000, 0x00000006c2800000|
|  40|0x00000006c2800000, 0x00000006c2900000, 0x00000006c2900000|100%|HC|  |TS  0|AC  0|TAMS 0x00000006c2800000, 0x00000006c2900000|
|  41|0x00000006c2900000, 0x00000006c2a00000, 0x00000006c2a00000|100%|HC|  |TS  0|AC  0|TAMS 0x00000006c2900000, 0x00000006c2a00000|
|  42|0x00000006c2a00000, 0x00000006c2b00000, 0x00000006c2b00000|100%|HC|  |TS  0|AC  0|TAMS 0x00000006c2a00000, 0x00000006c2b00000|
|  43|0x00000006c2b00000, 0x00000006c2c00000, 0x00000006c2c00000|100%|HS|  |TS  0|AC  0|TAMS 0x00000006c2b00000, 0x00000006c2c00000|
|  44|0x00000006c2c00000, 0x00000006c2d00000, 0x00000006c2d00000|100%|HC|  |TS  0|AC  0|TAMS 0x00000006c2c00000, 0x00000006c2d00000|
|  45|0x00000006c2d00000, 0x00000006c2e00000, 0x00000006c2e00000|100%|HC|  |TS  0|AC  0|TAMS 0x00000006c2d00000, 0x00000006c2e00000|
|  46|0x00000006c2e00000, 0x00000006c2f00000, 0x00000006c2f00000|100%|HC|  |TS  0|AC  0|TAMS 0x00000006c2e00000, 0x00000006c2f00000|
|  47|0x00000006c2f00000, 0x00000006c3000000, 0x00000006c3000000|100%|HC|  |TS  0|AC  0|TAMS 0x00000006c2f00000, 0x00000006c3000000|
|  48|0x00000006c3000000, 0x00000006c3100000, 0x00000006c3100000|100%|HC|  |TS  0|AC  0|TAMS 0x00000006c3000000, 0x00000006c3100000|
|  49|0x00000006c3100000, 0x00000006c3200000, 0x00000006c3200000|100%|HC|  |TS  0|AC  0|TAMS 0x00000006c3100000, 0x00000006c3200000|
|  50|0x00000006c3200000, 0x00000006c3300000, 0x00000006c3300000|100%|HS|  |TS  0|AC  0|TAMS 0x00000006c3200000, 0x00000006c3300000|
|  51|0x00000006c3300000, 0x00000006c3400000, 0x00000006c3400000|100%|HC|  |TS  0|AC  0|TAMS 0x00000006c3300000, 0x00000006c3400000|
|  52|0x00000006c3400000, 0x00000006c3500000, 0x00000006c3500000|100%|HC|  |TS  0|AC  0|TAMS 0x00000006c3400000, 0x00000006c3500000|
|  53|0x00000006c3500000, 0x00000006c3600000, 0x00000006c3600000|100%|HC|  |TS  0|AC  0|TAMS 0x00000006c3500000, 0x00000006c3600000|
|  54|0x00000006c3600000, 0x00000006c3700000, 0x00000006c3700000|100%|HC|  |TS  0|AC  0|TAMS 0x00000006c3600000, 0x00000006c3700000|
|  55|0x00000006c3700000, 0x00000006c3800000, 0x00000006c3800000|100%|HC|  |TS  0|AC  0|TAMS 0x00000006c3700000, 0x00000006c3800000|
|  56|0x00000006c3800000, 0x00000006c3900000, 0x00000006c3900000|100%|HC|  |TS  0|AC  0|TAMS 0x00000006c3800000, 0x00000006c3900000|
|  57|0x00000006c3900000, 0x00000006c3a00000, 0x00000006c3a00000|100%|HS|  |TS  0|AC  0|TAMS 0x00000006c3900000, 0x00000006c3a00000|
|  58|0x00000006c3a00000, 0x00000006c3b00000, 0x00000006c3b00000|100%|HC|  |TS  0|AC  0|TAMS 0x00000006c3a00000, 0x00000006c3b00000|
|  59|0x00000006c3b00000, 0x00000006c3c00000, 0x00000006c3c00000|100%|HC|  |TS  0|AC  0|TAMS 0x00000006c3b00000, 0x00000006c3c00000|
|  60|0x00000006c3c00000, 0x00000006c3d00000, 0x00000006c3d00000|100%|HC|  |TS  0|AC  0|TAMS 0x00000006c3c00000, 0x00000006c3d00000|
|  61|0x00000006c3d00000, 0x00000006c3e00000, 0x00000006c3e00000|100%|HC|  |TS  0|AC  0|TAMS 0x00000006c3d00000, 0x00000006c3e00000|
|  62|0x00000006c3e00000, 0x00000006c3f00000, 0x00000006c3f00000|100%|HC|  |TS  0|AC  0|TAMS 0x00000006c3e00000, 0x00000006c3f00000|
|  63|0x00000006c3f00000, 0x00000006c4000000, 0x00000006c4000000|100%|HC|  |TS  0|AC  0|TAMS 0x00000006c3f00000, 0x00000006c4000000|
|  64|0x00000006c4000000, 0x00000006c4100000, 0x00000006c4100000|100%|HS|  |TS  0|AC  0|TAMS 0x00000006c4000000, 0x00000006c4100000|
|  65|0x00000006c4100000, 0x00000006c4200000, 0x00000006c4200000|100%|HC|  |TS  0|AC  0|TAMS 0x00000006c4100000, 0x00000006c4200000|
|  66|0x00000006c4200000, 0x00000006c4300000, 0x00000006c4300000|100%|HC|  |TS  0|AC  0|TAMS 0x00000006c4200000, 0x00000006c4300000|
|  67|0x00000006c4300000, 0x00000006c4400000, 0x00000006c4400000|100%|HC|  |TS  0|AC  0|TAMS 0x00000006c4300000, 0x00000006c4400000|
|  68|0x00000006c4400000, 0x00000006c4500000, 0x00000006c4500000|100%|HC|  |TS  0|AC  0|TAMS 0x00000006c4400000, 0x00000006c4500000|
|  69|0x00000006c4500000, 0x00000006c4600000, 0x00000006c4600000|100%|HC|  |TS  0|AC  0|TAMS 0x00000006c4500000, 0x00000006c4600000|
|  70|0x00000006c4600000, 0x00000006c4700000, 0x00000006c4700000|100%|HC|  |TS  0|AC  0|TAMS 0x00000006c4600000, 0x00000006c4700000|
|  71|0x00000006c4700000, 0x00000006c4800000, 0x00000006c4800000|100%|HS|  |TS  0|AC  0|TAMS 0x00000006c4700000, 0x00000006c4800000|
|  72|0x00000006c4800000, 0x00000006c4900000, 0x00000006c4900000|100%|HC|  |TS  0|AC  0|TAMS 0x00000006c4800000, 0x00000006c4900000|
|  73|0x00000006c4900000, 0x00000006c4a00000, 0x00000006c4a00000|100%|HC|  |TS  0|AC  0|TAMS 0x00000006c4900000, 0x00000006c4a00000|
|  74|0x00000006c4a00000, 0x00000006c4b00000, 0x00000006c4b00000|100%|HC|  |TS  0|AC  0|TAMS 0x00000006c4a00000, 0x00000006c4b00000|
|  75|0x00000006c4b00000, 0x00000006c4c00000, 0x00000006c4c00000|100%|HC|  |TS  0|AC  0|TAMS 0x00000006c4b00000, 0x00000006c4c00000|
|  76|0x00000006c4c00000, 0x00000006c4d00000, 0x00000006c4d00000|100%|HC|  |TS  0|AC  0|TAMS 0x00000006c4c00000, 0x00000006c4d00000|
|  77|0x00000006c4d00000, 0x00000006c4e00000, 0x00000006c4e00000|100%|HC|  |TS  0|AC  0|TAMS 0x00000006c4d00000, 0x00000006c4e00000|
|  78|0x00000006c4e00000, 0x00000006c4f00000, 0x00000006c4f00000|100%|HS|  |TS  0|AC  0|TAMS 0x00000006c4e00000, 0x00000006c4f00000|
|  79|0x00000006c4f00000, 0x00000006c5000000, 0x00000006c5000000|100%|HC|  |TS  0|AC  0|TAMS 0x00000006c4f00000, 0x00000006c5000000|
|  80|0x00000006c5000000, 0x00000006c5100000, 0x00000006c5100000|100%|HC|  |TS  0|AC  0|TAMS 0x00000006c5000000, 0x00000006c5100000|
|  81|0x00000006c5100000, 0x00000006c5200000, 0x00000006c5200000|100%|HC|  |TS  0|AC  0|TAMS 0x00000006c5100000, 0x00000006c5200000|
|  82|0x00000006c5200000, 0x00000006c5300000, 0x00000006c5300000|100%|HC|  |TS  0|AC  0|TAMS 0x00000006c5200000, 0x00000006c5300000|
|  83|0x00000006c5300000, 0x00000006c5400000, 0x00000006c5400000|100%|HC|  |TS  0|AC  0|TAMS 0x00000006c5300000, 0x00000006c5400000|
|  84|0x00000006c5400000, 0x00000006c5500000, 0x00000006c5500000|100%|HC|  |TS  0|AC  0|TAMS 0x00000006c5400000, 0x00000006c5500000|
|  85|0x00000006c5500000, 0x00000006c5600000, 0x00000006c5600000|100%|HS|  |TS  0|AC  0|TAMS 0x00000006c5500000, 0x00000006c5600000|
|  86|0x00000006c5600000, 0x00000006c5700000, 0x00000006c5700000|100%|HC|  |TS  0|AC  0|TAMS 0x00000006c5600000, 0x00000006c5700000|
|  87|0x00000006c5700000, 0x00000006c5800000, 0x00000006c5800000|100%|HC|  |TS  0|AC  0|TAMS 0x00000006c5700000, 0x00000006c5800000|
|  88|0x00000006c5800000, 0x00000006c5900000, 0x00000006c5900000|100%|HC|  |TS  0|AC  0|TAMS 0x00000006c5800000, 0x00000006c5900000|
|  89|0x00000006c5900000, 0x00000006c5a00000, 0x00000006c5a00000|100%|HC|  |TS  0|AC  0|TAMS 0x00000006c5900000, 0x00000006c5a00000|
|  90|0x00000006c5a00000, 0x00000006c5b00000, 0x00000006c5b00000|100%|HC|  |TS  0|AC  0|TAMS 0x00000006c5a00000, 0x00000006c5b00000|
|  91|0x00000006c5b00000, 0x00000006c5c00000, 0x00000006c5c00000|100%|HC|  |TS  0|AC  0|TAMS 0x00000006c5b00000, 0x00000006c5c00000|
|  92|0x00000006c5c00000, 0x00000006c5d00000, 0x00000006c5d00000|100%|HS|  |TS  0|AC  0|TAMS 0x00000006c5c00000, 0x00000006c5d00000|
|  93|0x00000006c5d00000, 0x00000006c5e00000, 0x00000006c5e00000|100%|HC|  |TS  0|AC  0|TAMS 0x00000006c5d00000, 0x00000006c5e00000|
|  94|0x00000006c5e00000, 0x00000006c5f00000, 0x00000006c5f00000|100%|HC|  |TS  0|AC  0|TAMS 0x00000006c5e00000, 0x00000006c5f00000|
|  95|0x00000006c5f00000, 0x00000006c6000000, 0x00000006c6000000|100%|HC|  |TS  0|AC  0|TAMS 0x00000006c5f00000, 0x00000006c6000000|
|  96|0x00000006c6000000, 0x00000006c6100000, 0x00000006c6100000|100%|HC|  |TS  0|AC  0|TAMS 0x00000006c6000000, 0x00000006c6100000|
|  97|0x00000006c6100000, 0x00000006c6200000, 0x00000006c6200000|100%|HC|  |TS  0|AC  0|TAMS 0x00000006c6100000, 0x00000006c6200000|
|  98|0x00000006c6200000, 0x00000006c6300000, 0x00000006c6300000|100%|HC|  |TS  0|AC  0|TAMS 0x00000006c6200000, 0x00000006c6300000|
|  99|0x00000006c6300000, 0x00000006c6400000, 0x00000006c6400000|100%|HS|  |TS  0|AC  0|TAMS 0x00000006c6300000, 0x00000006c6400000|
| 100|0x00000006c6400000, 0x00000006c6500000, 0x00000006c6500000|100%|HC|  |TS  0|AC  0|TAMS 0x00000006c6400000, 0x00000006c6500000|
| 101|0x00000006c6500000, 0x00000006c6600000, 0x00000006c6600000|100%|HC|  |TS  0|AC  0|TAMS 0x00000006c6500000, 0x00000006c6600000|
| 102|0x00000006c6600000, 0x00000006c6700000, 0x00000006c6700000|100%|HC|  |TS  0|AC  0|TAMS 0x00000006c6600000, 0x00000006c6700000|
| 103|0x00000006c6700000, 0x00000006c6800000, 0x00000006c6800000|100%|HC|  |TS  0|AC  0|TAMS 0x00000006c6700000, 0x00000006c6800000|
| 104|0x00000006c6800000, 0x00000006c6900000, 0x00000006c6900000|100%|HC|  |TS  0|AC  0|TAMS 0x00000006c6800000, 0x00000006c6900000|
| 105|0x00000006c6900000, 0x00000006c6a00000, 0x00000006c6a00000|100%|HC|  |TS  0|AC  0|TAMS 0x00000006c6900000, 0x00000006c6a00000|
| 106|0x00000006c6a00000, 0x00000006c6b00000, 0x00000006c6b00000|100%|HS|  |TS  0|AC  0|TAMS 0x00000006c6a00000, 0x00000006c6b00000|
| 107|0x00000006c6b00000, 0x00000006c6c00000, 0x00000006c6c00000|100%|HC|  |TS  0|AC  0|TAMS 0x00000006c6b00000, 0x00000006c6c00000|
| 108|0x00000006c6c00000, 0x00000006c6d00000, 0x00000006c6d00000|100%|HC|  |TS  0|AC  0|TAMS 0x00000006c6c00000, 0x00000006c6d00000|
| 109|0x00000006c6d00000, 0x00000006c6e00000, 0x00000006c6e00000|100%|HC|  |TS  0|AC  0|TAMS 0x00000006c6d00000, 0x00000006c6e00000|
| 110|0x00000006c6e00000, 0x00000006c6f00000, 0x00000006c6f00000|100%|HC|  |TS  0|AC  0|TAMS 0x00000006c6e00000, 0x00000006c6f00000|
| 111|0x00000006c6f00000, 0x00000006c7000000, 0x00000006c7000000|100%|HC|  |TS  0|AC  0|TAMS 0x00000006c6f00000, 0x00000006c7000000|
| 112|0x00000006c7000000, 0x00000006c7100000, 0x00000006c7100000|100%|HC|  |TS  0|AC  0|TAMS 0x00000006c7000000, 0x00000006c7100000|
| 113|0x00000006c7100000, 0x00000006c7200000, 0x00000006c7200000|100%|HS|  |TS  0|AC  0|TAMS 0x00000006c7100000, 0x00000006c7100000|
| 114|0x00000006c7200000, 0x00000006c7300000, 0x00000006c7300000|100%|HC|  |TS  0|AC  0|TAMS 0x00000006c7200000, 0x00000006c7200000|
| 115|0x00000006c7300000, 0x00000006c7400000, 0x00000006c7400000|100%|HC|  |TS  0|AC  0|TAMS 0x00000006c7300000, 0x00000006c7300000|
| 116|0x00000006c7400000, 0x00000006c7500000, 0x00000006c7500000|100%|HC|  |TS  0|AC  0|TAMS 0x00000006c7400000, 0x00000006c7400000|
| 117|0x00000006c7500000, 0x00000006c7600000, 0x00000006c7600000|100%|HC|  |TS  0|AC  0|TAMS 0x00000006c7500000, 0x00000006c7500000|
| 118|0x00000006c7600000, 0x00000006c7700000, 0x00000006c7700000|100%|HC|  |TS  0|AC  0|TAMS 0x00000006c7600000, 0x00000006c7600000|
| 119|0x00000006c7700000, 0x00000006c7800000, 0x00000006c7800000|100%|HC|  |TS  0|AC  0|TAMS 0x00000006c7700000, 0x00000006c7700000|
| 120|0x00000006c7800000, 0x00000006c7900000, 0x00000006c7900000|100%|HS|  |TS  0|AC  0|TAMS 0x00000006c7800000, 0x00000006c7800000|
| 121|0x00000006c7900000, 0x00000006c7a00000, 0x00000006c7a00000|100%|HC|  |TS  0|AC  0|TAMS 0x00000006c7900000, 0x00000006c7900000|
| 122|0x00000006c7a00000, 0x00000006c7b00000, 0x00000006c7b00000|100%|HC|  |TS  0|AC  0|TAMS 0x00000006c7a00000, 0x00000006c7a00000|
| 123|0x00000006c7b00000, 0x00000006c7c00000, 0x00000006c7c00000|100%|HC|  |TS  0|AC  0|TAMS 0x00000006c7b00000, 0x00000006c7b00000|
| 124|0x00000006c7c00000, 0x00000006c7d00000, 0x00000006c7d00000|100%|HC|  |TS  0|AC  0|TAMS 0x00000006c7c00000, 0x00000006c7c00000|
| 125|0x00000006c7d00000, 0x00000006c7e00000, 0x00000006c7e00000|100%|HC|  |TS  0|AC  0|TAMS 0x00000006c7d00000, 0x00000006c7d00000|
| 126|0x00000006c7e00000, 0x00000006c7f00000, 0x00000006c7f00000|100%|HC|  |TS  0|AC  0|TAMS 0x00000006c7e00000, 0x00000006c7e00000|
| 127|0x00000006c7f00000, 0x00000006c7f00000, 0x00000006c8000000|  0%| F|  |TS  0|AC  0|TAMS 0x00000006c7f00000, 0x00000006c7f00000|
| 128|0x00000006c8000000, 0x00000006c8000000, 0x00000006c8100000|  0%| F|  |TS  0|AC  0|TAMS 0x00000006c8000000, 0x00000006c8000000|
| 129|0x00000006c8100000, 0x00000006c8100000, 0x00000006c8200000|  0%| F|  |TS  0|AC  0|TAMS 0x00000006c8100000, 0x00000006c8100000|
| 130|0x00000006c8200000, 0x00000006c8200000, 0x00000006c8300000|  0%| F|  |TS  0|AC  0|TAMS 0x00000006c8200000, 0x00000006c8200000|
| 131|0x00000006c8300000, 0x00000006c8300000, 0x00000006c8400000|  0%| F|  |TS  0|AC  0|TAMS 0x00000006c8300000, 0x00000006c8300000|
| 132|0x00000006c8400000, 0x00000006c8400000, 0x00000006c8500000|  0%| F|  |TS  0|AC  0|TAMS 0x00000006c8400000, 0x00000006c8400000|
| 133|0x00000006c8500000, 0x00000006c8500000, 0x00000006c8600000|  0%| F|  |TS  0|AC  0|TAMS 0x00000006c8500000, 0x00000006c8500000|
| 134|0x00000006c8600000, 0x00000006c8600000, 0x00000006c8700000|  0%| F|  |TS  0|AC  0|TAMS 0x00000006c8600000, 0x00000006c8600000|
| 135|0x00000006c8700000, 0x00000006c8700000, 0x00000006c8800000|  0%| F|  |TS  0|AC  0|TAMS 0x00000006c8700000, 0x00000006c8700000|
| 136|0x00000006c8800000, 0x00000006c8800000, 0x00000006c8900000|  0%| F|  |TS  0|AC  0|TAMS 0x00000006c8800000, 0x00000006c8800000|
| 137|0x00000006c8900000, 0x00000006c8900000, 0x00000006c8a00000|  0%| F|  |TS  0|AC  0|TAMS 0x00000006c8900000, 0x00000006c8900000|
| 138|0x00000006c8a00000, 0x00000006c8a00000, 0x00000006c8b00000|  0%| F|  |TS  0|AC  0|TAMS 0x00000006c8a00000, 0x00000006c8a00000|
| 139|0x00000006c8b00000, 0x00000006c8b00000, 0x00000006c8c00000|  0%| F|  |TS  0|AC  0|TAMS 0x00000006c8b00000, 0x00000006c8b00000|
| 140|0x00000006c8c00000, 0x00000006c8c00000, 0x00000006c8d00000|  0%| F|  |TS  0|AC  0|TAMS 0x00000006c8c00000, 0x00000006c8c00000|
| 141|0x00000006c8d00000, 0x00000006c8d00000, 0x00000006c8e00000|  0%| F|  |TS  0|AC  0|TAMS 0x00000006c8d00000, 0x00000006c8d00000|
| 142|0x00000006c8e00000, 0x00000006c8e00000, 0x00000006c8f00000|  0%| F|  |TS  0|AC  0|TAMS 0x00000006c8e00000, 0x00000006c8e00000|
| 143|0x00000006c8f00000, 0x00000006c8f00000, 0x00000006c9000000|  0%| F|  |TS  0|AC  0|TAMS 0x00000006c8f00000, 0x00000006c8f00000|
| 144|0x00000006c9000000, 0x00000006c9000000, 0x00000006c9100000|  0%| F|  |TS  0|AC  0|TAMS 0x00000006c9000000, 0x00000006c9000000|
| 145|0x00000006c9100000, 0x00000006c9100000, 0x00000006c9200000|  0%| F|  |TS  0|AC  0|TAMS 0x00000006c9100000, 0x00000006c9100000|
| 146|0x00000006c9200000, 0x00000006c9200000, 0x00000006c9300000|  0%| F|  |TS  0|AC  0|TAMS 0x00000006c9200000, 0x00000006c9200000|
| 147|0x00000006c9300000, 0x00000006c9300000, 0x00000006c9400000|  0%| F|  |TS  0|AC  0|TAMS 0x00000006c9300000, 0x00000006c9300000|
| 148|0x00000006c9400000, 0x00000006c9400000, 0x00000006c9500000|  0%| F|  |TS  0|AC  0|TAMS 0x00000006c9400000, 0x00000006c9400000|
| 149|0x00000006c9500000, 0x00000006c9500000, 0x00000006c9600000|  0%| F|  |TS  0|AC  0|TAMS 0x00000006c9500000, 0x00000006c9500000|
| 150|0x00000006c9600000, 0x00000006c9600000, 0x00000006c9700000|  0%| F|  |TS  0|AC  0|TAMS 0x00000006c9600000, 0x00000006c9600000|
| 151|0x00000006c9700000, 0x00000006c9700000, 0x00000006c9800000|  0%| F|  |TS  0|AC  0|TAMS 0x00000006c9700000, 0x00000006c9700000|
| 152|0x00000006c9800000, 0x00000006c9800000, 0x00000006c9900000|  0%| F|  |TS  0|AC  0|TAMS 0x00000006c9800000, 0x00000006c9800000|
| 153|0x00000006c9900000, 0x00000006c9900000, 0x00000006c9a00000|  0%| F|  |TS  0|AC  0|TAMS 0x00000006c9900000, 0x00000006c9900000|
| 154|0x00000006c9a00000, 0x00000006c9a00000, 0x00000006c9b00000|  0%| F|  |TS  0|AC  0|TAMS 0x00000006c9a00000, 0x00000006c9a00000|
| 155|0x00000006c9b00000, 0x00000006c9b00000, 0x00000006c9c00000|  0%| F|  |TS  0|AC  0|TAMS 0x00000006c9b00000, 0x00000006c9b00000|
| 156|0x00000006c9c00000, 0x00000006c9c00000, 0x00000006c9d00000|  0%| F|  |TS  0|AC  0|TAMS 0x00000006c9c00000, 0x00000006c9c00000|
| 157|0x00000006c9d00000, 0x00000006c9d00000, 0x00000006c9e00000|  0%| F|  |TS  0|AC  0|TAMS 0x00000006c9d00000, 0x00000006c9d00000|
| 158|0x00000006c9e00000, 0x00000006c9e00000, 0x00000006c9f00000|  0%| F|  |TS  0|AC  0|TAMS 0x00000006c9e00000, 0x00000006c9e00000|
| 159|0x00000006c9f00000, 0x00000006c9f00000, 0x00000006ca000000|  0%| F|  |TS  0|AC  0|TAMS 0x00000006c9f00000, 0x00000006c9f00000|
| 160|0x00000006ca000000, 0x00000006ca000000, 0x00000006ca100000|  0%| F|  |TS  0|AC  0|TAMS 0x00000006ca000000, 0x00000006ca000000|
| 161|0x00000006ca100000, 0x00000006ca100000, 0x00000006ca200000|  0%| F|  |TS  0|AC  0|TAMS 0x00000006ca100000, 0x00000006ca100000|
| 162|0x00000006ca200000, 0x00000006ca200000, 0x00000006ca300000|  0%| F|  |TS  0|AC  0|TAMS 0x00000006ca200000, 0x00000006ca200000|
| 163|0x00000006ca300000, 0x00000006ca300000, 0x00000006ca400000|  0%| F|  |TS  0|AC  0|TAMS 0x00000006ca300000, 0x00000006ca300000|
| 164|0x00000006ca400000, 0x00000006ca400000, 0x00000006ca500000|  0%| F|  |TS  0|AC  0|TAMS 0x00000006ca400000, 0x00000006ca400000|
| 165|0x00000006ca500000, 0x00000006ca500000, 0x00000006ca600000|  0%| F|  |TS  0|AC  0|TAMS 0x00000006ca500000, 0x00000006ca500000|
| 166|0x00000006ca600000, 0x00000006ca600000, 0x00000006ca700000|  0%| F|  |TS  0|AC  0|TAMS 0x00000006ca600000, 0x00000006ca600000|
| 167|0x00000006ca700000, 0x00000006ca700000, 0x00000006ca800000|  0%| F|  |TS  0|AC  0|TAMS 0x00000006ca700000, 0x00000006ca700000|
| 168|0x00000006ca800000, 0x00000006ca800000, 0x00000006ca900000|  0%| F|  |TS  0|AC  0|TAMS 0x00000006ca800000, 0x00000006ca800000|
| 169|0x00000006ca900000, 0x00000006ca900000, 0x00000006caa00000|  0%| F|  |TS  0|AC  0|TAMS 0x00000006ca900000, 0x00000006ca900000|
| 170|0x00000006caa00000, 0x00000006caa00000, 0x00000006cab00000|  0%| F|  |TS  0|AC  0|TAMS 0x00000006caa00000, 0x00000006caa00000|
| 171|0x00000006cab00000, 0x00000006cab00000, 0x00000006cac00000|  0%| F|  |TS  0|AC  0|TAMS 0x00000006cab00000, 0x00000006cab00000|
| 172|0x00000006cac00000, 0x00000006cac00000, 0x00000006cad00000|  0%| F|  |TS  0|AC  0|TAMS 0x00000006cac00000, 0x00000006cac00000|
| 173|0x00000006cad00000, 0x00000006cad00000, 0x00000006cae00000|  0%| F|  |TS  0|AC  0|TAMS 0x00000006cad00000, 0x00000006cad00000|
| 174|0x00000006cae00000, 0x00000006cae00000, 0x00000006caf00000|  0%| F|  |TS  0|AC  0|TAMS 0x00000006cae00000, 0x00000006cae00000|
| 175|0x00000006caf00000, 0x00000006caf00000, 0x00000006cb000000|  0%| F|  |TS  0|AC  0|TAMS 0x00000006caf00000, 0x00000006caf00000|
| 176|0x00000006cb000000, 0x00000006cb000000, 0x00000006cb100000|  0%| F|  |TS  0|AC  0|TAMS 0x00000006cb000000, 0x00000006cb000000|
| 177|0x00000006cb100000, 0x00000006cb100000, 0x00000006cb200000|  0%| F|  |TS  0|AC  0|TAMS 0x00000006cb100000, 0x00000006cb100000|
| 178|0x00000006cb200000, 0x00000006cb200000, 0x00000006cb300000|  0%| F|  |TS  0|AC  0|TAMS 0x00000006cb200000, 0x00000006cb200000|
| 179|0x00000006cb300000, 0x00000006cb300000, 0x00000006cb400000|  0%| F|  |TS  0|AC  0|TAMS 0x00000006cb300000, 0x00000006cb300000|
| 180|0x00000006cb400000, 0x00000006cb400000, 0x00000006cb500000|  0%| F|  |TS  0|AC  0|TAMS 0x00000006cb400000, 0x00000006cb400000|
| 181|0x00000006cb500000, 0x00000006cb500000, 0x00000006cb600000|  0%| F|  |TS  0|AC  0|TAMS 0x00000006cb500000, 0x00000006cb500000|
| 182|0x00000006cb600000, 0x00000006cb600000, 0x00000006cb700000|  0%| F|  |TS  0|AC  0|TAMS 0x00000006cb600000, 0x00000006cb600000|
| 183|0x00000006cb700000, 0x00000006cb700000, 0x00000006cb800000|  0%| F|  |TS  0|AC  0|TAMS 0x00000006cb700000, 0x00000006cb700000|
| 184|0x00000006cb800000, 0x00000006cb800000, 0x00000006cb900000|  0%| F|  |TS  0|AC  0|TAMS 0x00000006cb800000, 0x00000006cb800000|
| 185|0x00000006cb900000, 0x00000006cb900000, 0x00000006cba00000|  0%| F|  |TS  0|AC  0|TAMS 0x00000006cb900000, 0x00000006cb900000|
| 186|0x00000006cba00000, 0x00000006cba00000, 0x00000006cbb00000|  0%| F|  |TS  0|AC  0|TAMS 0x00000006cba00000, 0x00000006cba00000|
| 187|0x00000006cbb00000, 0x00000006cbb00000, 0x00000006cbc00000|  0%| F|  |TS  0|AC  0|TAMS 0x00000006cbb00000, 0x00000006cbb00000|
| 188|0x00000006cbc00000, 0x00000006cbc00000, 0x00000006cbd00000|  0%| F|  |TS  0|AC  0|TAMS 0x00000006cbc00000, 0x00000006cbc00000|
| 189|0x00000006cbd00000, 0x00000006cbd00000, 0x00000006cbe00000|  0%| F|  |TS  0|AC  0|TAMS 0x00000006cbd00000, 0x00000006cbd00000|
| 190|0x00000006cbe00000, 0x00000006cbe00000, 0x00000006cbf00000|  0%| F|  |TS  0|AC  0|TAMS 0x00000006cbe00000, 0x00000006cbe00000|
| 191|0x00000006cbf00000, 0x00000006cbf00000, 0x00000006cc000000|  0%| F|  |TS  0|AC  0|TAMS 0x00000006cbf00000, 0x00000006cbf00000|
| 192|0x00000006cc000000, 0x00000006cc000000, 0x00000006cc100000|  0%| F|  |TS  0|AC  0|TAMS 0x00000006cc000000, 0x00000006cc000000|
| 193|0x00000006cc100000, 0x00000006cc100000, 0x00000006cc200000|  0%| F|  |TS  0|AC  0|TAMS 0x00000006cc100000, 0x00000006cc100000|
| 194|0x00000006cc200000, 0x00000006cc200000, 0x00000006cc300000|  0%| F|  |TS  0|AC  0|TAMS 0x00000006cc200000, 0x00000006cc200000|
| 195|0x00000006cc300000, 0x00000006cc300000, 0x00000006cc400000|  0%| F|  |TS  0|AC  0|TAMS 0x00000006cc300000, 0x00000006cc300000|
| 196|0x00000006cc400000, 0x00000006cc400000, 0x00000006cc500000|  0%| F|  |TS  0|AC  0|TAMS 0x00000006cc400000, 0x00000006cc400000|
| 197|0x00000006cc500000, 0x00000006cc500000, 0x00000006cc600000|  0%| F|  |TS  0|AC  0|TAMS 0x00000006cc500000, 0x00000006cc500000|
| 198|0x00000006cc600000, 0x00000006cc600000, 0x00000006cc700000|  0%| F|  |TS  0|AC  0|TAMS 0x00000006cc600000, 0x00000006cc600000|
| 199|0x00000006cc700000, 0x00000006cc700000, 0x00000006cc800000|  0%| F|  |TS  0|AC  0|TAMS 0x00000006cc700000, 0x00000006cc700000|
| 200|0x00000006cc800000, 0x00000006cc800000, 0x00000006cc900000|  0%| F|  |TS  0|AC  0|TAMS 0x00000006cc800000, 0x00000006cc800000|
| 201|0x00000006cc900000, 0x00000006cc900000, 0x00000006cca00000|  0%| F|  |TS  0|AC  0|TAMS 0x00000006cc900000, 0x00000006cc900000|
| 202|0x00000006cca00000, 0x00000006cca00000, 0x00000006ccb00000|  0%| F|  |TS  0|AC  0|TAMS 0x00000006cca00000, 0x00000006cca00000|
| 203|0x00000006ccb00000, 0x00000006ccb00000, 0x00000006ccc00000|  0%| F|  |TS  0|AC  0|TAMS 0x00000006ccb00000, 0x00000006ccb00000|
| 204|0x00000006ccc00000, 0x00000006ccc00000, 0x00000006ccd00000|  0%| F|  |TS  0|AC  0|TAMS 0x00000006ccc00000, 0x00000006ccc00000|
| 205|0x00000006ccd00000, 0x00000006ccd00000, 0x00000006cce00000|  0%| F|  |TS  0|AC  0|TAMS 0x00000006ccd00000, 0x00000006ccd00000|
| 206|0x00000006cce00000, 0x00000006cce00000, 0x00000006ccf00000|  0%| F|  |TS  0|AC  0|TAMS 0x00000006cce00000, 0x00000006cce00000|
| 207|0x00000006ccf00000, 0x00000006ccf00000, 0x00000006cd000000|  0%| F|  |TS  0|AC  0|TAMS 0x00000006ccf00000, 0x00000006ccf00000|
| 208|0x00000006cd000000, 0x00000006cd000000, 0x00000006cd100000|  0%| F|  |TS  0|AC  0|TAMS 0x00000006cd000000, 0x00000006cd000000|
| 209|0x00000006cd100000, 0x00000006cd100000, 0x00000006cd200000|  0%| F|  |TS  0|AC  0|TAMS 0x00000006cd100000, 0x00000006cd100000|
| 210|0x00000006cd200000, 0x00000006cd2c43e0, 0x00000006cd300000| 76%| S|CS|TS  3|AC  0|TAMS 0x00000006cd200000, 0x00000006cd200000|
| 211|0x00000006cd300000, 0x00000006cd400000, 0x00000006cd400000|100%| S|CS|TS  3|AC  0|TAMS 0x00000006cd300000, 0x00000006cd300000|
| 212|0x00000006cd400000, 0x00000006cd500000, 0x00000006cd500000|100%| S|CS|TS  3|AC  0|TAMS 0x00000006cd400000, 0x00000006cd400000|
| 213|0x00000006cd500000, 0x00000006cd600000, 0x00000006cd600000|100%| S|CS|TS  3|AC  0|TAMS 0x00000006cd500000, 0x00000006cd500000|
| 214|0x00000006cd600000, 0x00000006cd700000, 0x00000006cd700000|100%| S|CS|TS  3|AC  0|TAMS 0x00000006cd600000, 0x00000006cd600000|
| 215|0x00000006cd700000, 0x00000006cd800000, 0x00000006cd800000|100%| S|CS|TS  3|AC  0|TAMS 0x00000006cd700000, 0x00000006cd700000|
| 216|0x00000006cd800000, 0x00000006cd900000, 0x00000006cd900000|100%| S|CS|TS  3|AC  0|TAMS 0x00000006cd800000, 0x00000006cd800000|
| 217|0x00000006cd900000, 0x00000006cd900000, 0x00000006cda00000|  0%| F|  |TS  3|AC  0|TAMS 0x00000006cd900000, 0x00000006cd900000|
| 218|0x00000006cda00000, 0x00000006cda00000, 0x00000006cdb00000|  0%| F|  |TS  3|AC  0|TAMS 0x00000006cda00000, 0x00000006cda00000|
| 219|0x00000006cdb00000, 0x00000006cdb00000, 0x00000006cdc00000|  0%| F|  |TS  3|AC  0|TAMS 0x00000006cdb00000, 0x00000006cdb00000|
| 220|0x00000006cdc00000, 0x00000006cdc00000, 0x00000006cdd00000|  0%| F|  |TS  3|AC  0|TAMS 0x00000006cdc00000, 0x00000006cdc00000|
| 221|0x00000006cdd00000, 0x00000006cdd00000, 0x00000006cde00000|  0%| F|  |TS  3|AC  0|TAMS 0x00000006cdd00000, 0x00000006cdd00000|
| 222|0x00000006cde00000, 0x00000006cde00000, 0x00000006cdf00000|  0%| F|  |TS  3|AC  0|TAMS 0x00000006cde00000, 0x00000006cde00000|
| 223|0x00000006cdf00000, 0x00000006cdf00000, 0x00000006ce000000|  0%| F|  |TS  3|AC  0|TAMS 0x00000006cdf00000, 0x00000006cdf00000|
| 224|0x00000006ce000000, 0x00000006ce000000, 0x00000006ce100000|  0%| F|  |TS  3|AC  0|TAMS 0x00000006ce000000, 0x00000006ce000000|
| 225|0x00000006ce100000, 0x00000006ce100000, 0x00000006ce200000|  0%| F|  |TS  3|AC  0|TAMS 0x00000006ce100000, 0x00000006ce100000|
| 226|0x00000006ce200000, 0x00000006ce200000, 0x00000006ce300000|  0%| F|  |TS  3|AC  0|TAMS 0x00000006ce200000, 0x00000006ce200000|
| 227|0x00000006ce300000, 0x00000006ce300000, 0x00000006ce400000|  0%| F|  |TS  3|AC  0|TAMS 0x00000006ce300000, 0x00000006ce300000|
| 228|0x00000006ce400000, 0x00000006ce400000, 0x00000006ce500000|  0%| F|  |TS  3|AC  0|TAMS 0x00000006ce400000, 0x00000006ce400000|
| 229|0x00000006ce500000, 0x00000006ce500000, 0x00000006ce600000|  0%| F|  |TS  3|AC  0|TAMS 0x00000006ce500000, 0x00000006ce500000|
| 230|0x00000006ce600000, 0x00000006ce600000, 0x00000006ce700000|  0%| F|  |TS  3|AC  0|TAMS 0x00000006ce600000, 0x00000006ce600000|
| 231|0x00000006ce700000, 0x00000006ce700000, 0x00000006ce800000|  0%| F|  |TS  3|AC  0|TAMS 0x00000006ce700000, 0x00000006ce700000|
| 232|0x00000006ce800000, 0x00000006ce800000, 0x00000006ce900000|  0%| F|  |TS  3|AC  0|TAMS 0x00000006ce800000, 0x00000006ce800000|
| 233|0x00000006ce900000, 0x00000006ce900000, 0x00000006cea00000|  0%| F|  |TS  3|AC  0|TAMS 0x00000006ce900000, 0x00000006ce900000|
| 234|0x00000006cea00000, 0x00000006cea00000, 0x00000006ceb00000|  0%| F|  |TS  3|AC  0|TAMS 0x00000006cea00000, 0x00000006cea00000|
| 235|0x00000006ceb00000, 0x00000006ceb00000, 0x00000006cec00000|  0%| F|  |TS  3|AC  0|TAMS 0x00000006ceb00000, 0x00000006ceb00000|
| 236|0x00000006cec00000, 0x00000006cec00000, 0x00000006ced00000|  0%| F|  |TS  3|AC  0|TAMS 0x00000006cec00000, 0x00000006cec00000|
| 237|0x00000006ced00000, 0x00000006ced00000, 0x00000006cee00000|  0%| F|  |TS  3|AC  0|TAMS 0x00000006ced00000, 0x00000006ced00000|
| 238|0x00000006cee00000, 0x00000006cee00000, 0x00000006cef00000|  0%| F|  |TS  3|AC  0|TAMS 0x00000006cee00000, 0x00000006cee00000|
| 239|0x00000006cef00000, 0x00000006cef00000, 0x00000006cf000000|  0%| F|  |TS  3|AC  0|TAMS 0x00000006cef00000, 0x00000006cef00000|
| 240|0x00000006cf000000, 0x00000006cf000000, 0x00000006cf100000|  0%| F|  |TS  3|AC  0|TAMS 0x00000006cf000000, 0x00000006cf000000|
| 241|0x00000006cf100000, 0x00000006cf100000, 0x00000006cf200000|  0%| F|  |TS  3|AC  0|TAMS 0x00000006cf100000, 0x00000006cf100000|
| 242|0x00000006cf200000, 0x00000006cf200000, 0x00000006cf300000|  0%| F|  |TS  3|AC  0|TAMS 0x00000006cf200000, 0x00000006cf200000|
| 243|0x00000006cf300000, 0x00000006cf300000, 0x00000006cf400000|  0%| F|  |TS  3|AC  0|TAMS 0x00000006cf300000, 0x00000006cf300000|
| 244|0x00000006cf400000, 0x00000006cf400000, 0x00000006cf500000|  0%| F|  |TS  3|AC  0|TAMS 0x00000006cf400000, 0x00000006cf400000|
| 245|0x00000006cf500000, 0x00000006cf500000, 0x00000006cf600000|  0%| F|  |TS  3|AC  0|TAMS 0x00000006cf500000, 0x00000006cf500000|
| 246|0x00000006cf600000, 0x00000006cf600000, 0x00000006cf700000|  0%| F|  |TS  3|AC  0|TAMS 0x00000006cf600000, 0x00000006cf600000|
| 247|0x00000006cf700000, 0x00000006cf700000, 0x00000006cf800000|  0%| F|  |TS  3|AC  0|TAMS 0x00000006cf700000, 0x00000006cf700000|
| 248|0x00000006cf800000, 0x00000006cf800000, 0x00000006cf900000|  0%| F|  |TS  3|AC  0|TAMS 0x00000006cf800000, 0x00000006cf800000|
| 249|0x00000006cf900000, 0x00000006cf900000, 0x00000006cfa00000|  0%| F|  |TS  3|AC  0|TAMS 0x00000006cf900000, 0x00000006cf900000|
| 250|0x00000006cfa00000, 0x00000006cfa00000, 0x00000006cfb00000|  0%| F|  |TS  3|AC  0|TAMS 0x00000006cfa00000, 0x00000006cfa00000|
| 251|0x00000006cfb00000, 0x00000006cfb00000, 0x00000006cfc00000|  0%| F|  |TS  3|AC  0|TAMS 0x00000006cfb00000, 0x00000006cfb00000|
| 252|0x00000006cfc00000, 0x00000006cfc00000, 0x00000006cfd00000|  0%| F|  |TS  3|AC  0|TAMS 0x00000006cfc00000, 0x00000006cfc00000|
| 253|0x00000006cfd00000, 0x00000006cfd00000, 0x00000006cfe00000|  0%| F|  |TS  3|AC  0|TAMS 0x00000006cfd00000, 0x00000006cfd00000|
| 254|0x00000006cfe00000, 0x00000006cfe80800, 0x00000006cff00000| 50%| E|  |TS  3|AC  0|TAMS 0x00000006cfe00000, 0x00000006cfe00000|
| 255|0x00000006cff00000, 0x00000006d0000000, 0x00000006d0000000|100%| E|CS|TS  3|AC  0|TAMS 0x00000006cff00000, 0x00000006cff00000|

Card table byte_map: [0x000000010663b000,0x0000000106e3b000] byte_map_base: 0x000000010303b000

Marking Bits (Prev, Next): (CMBitMap*) 0x00007fcc1b843698, (CMBitMap*) 0x00007fcc1b843660
 Prev Bits: [0x000000012672e000, 0x000000012a72e000)
 Next Bits: [0x000000012272e000, 0x000000012672e000)

Polling page: 0x00000001041f9000

CodeHeap 'non-profiled nmethods': size=120032Kb used=1929Kb max_used=1929Kb free=118102Kb
 bounds [0x000000011b1f6000, 0x000000011b466000, 0x000000012272e000]
CodeHeap 'profiled nmethods': size=120032Kb used=7821Kb max_used=7821Kb free=112211Kb
 bounds [0x0000000113cbe000, 0x000000011446e000, 0x000000011b1f6000]
CodeHeap 'non-nmethods': size=5696Kb used=1277Kb max_used=1316Kb free=4418Kb
 bounds [0x000000011372e000, 0x000000011399e000, 0x0000000113cbe000]
 total_blobs=5342 nmethods=3730 adapters=623
 compilation: enabled

Compilation events (10 events):
Event: 209786.500 Thread 0x00007fcc1a00d000 3733       4       java.awt.Font$FontAccessImpl::getFont2D (5 bytes)
Event: 209786.508 Thread 0x00007fcc1a00d000 nmethod 3733 0x000000011b3d7a90 code [0x000000011b3d7c40, 0x000000011b3d7f18]
Event: 209786.643 Thread 0x00007fcc1b8d2800 3734       3       java.lang.ref.ReferenceQueue::remove (6 bytes)
Event: 209786.643 Thread 0x00007fcc1b8d2800 nmethod 3734 0x000000011445ec90 code [0x000000011445ee40, 0x000000011445f048]
Event: 209786.656 Thread 0x00007fcc1b8d2800 3735  s    3       java.util.Hashtable::remove (133 bytes)
Event: 209786.658 Thread 0x00007fcc1b8d2800 nmethod 3735 0x000000011445f110 code [0x000000011445f320, 0x000000011445fc38]
Event: 209786.667 Thread 0x00007fcc1b8d2800 3736       3       java.util.LinkedHashMap$LinkedHashIterator::remove (75 bytes)
Event: 209786.668 Thread 0x00007fcc1b8d2800 nmethod 3736 0x000000011445fe90 code [0x0000000114460080, 0x0000000114460448]
Event: 209786.668 Thread 0x00007fcc1b8d2800 3737       3       java.util.LinkedHashMap::afterNodeRemoval (65 bytes)
Event: 209786.668 Thread 0x00007fcc1b8d2800 nmethod 3737 0x0000000114460610 code [0x0000000114460800, 0x0000000114460d10]

GC Heap History (10 events):
Event: 6.379 GC heap before
{Heap before GC invocations=0 (full 0):
 garbage-first heap   total 262144K, used 14336K [0x00000006c0000000, 0x00000007c0000000)
  region size 1024K, 14 young (14336K), 0 survivors (0K)
 Metaspace       used 17118K, capacity 17467K, committed 17792K, reserved 1064960K
  class space    used 1890K, capacity 2102K, committed 2176K, reserved 1048576K
}
Event: 6.388 GC heap after
{Heap after GC invocations=1 (full 0):
 garbage-first heap   total 262144K, used 3822K [0x00000006c0000000, 0x00000007c0000000)
  region size 1024K, 2 young (2048K), 2 survivors (2048K)
 Metaspace       used 17118K, capacity 17467K, committed 17792K, reserved 1064960K
  class space    used 1890K, capacity 2102K, committed 2176K, reserved 1048576K
}
Event: 16.552 GC heap before
{Heap before GC invocations=1 (full 0):
 garbage-first heap   total 262144K, used 8942K [0x00000006c0000000, 0x00000007c0000000)
  region size 1024K, 8 young (8192K), 2 survivors (2048K)
 Metaspace       used 20546K, capacity 20952K, committed 21296K, reserved 1069056K
  class space    used 2346K, capacity 2586K, committed 2688K, reserved 1048576K
}
Event: 16.564 GC heap after
{Heap after GC invocations=2 (full 0):
 garbage-first heap   total 262144K, used 5440K [0x00000006c0000000, 0x00000007c0000000)
  region size 1024K, 2 young (2048K), 2 survivors (2048K)
 Metaspace       used 20546K, capacity 20952K, committed 21296K, reserved 1069056K
  class space    used 2346K, capacity 2586K, committed 2688K, reserved 1048576K
}
Event: 41.618 GC heap before
{Heap before GC invocations=3 (full 0):
 garbage-first heap   total 262144K, used 24896K [0x00000006c0000000, 0x00000007c0000000)
  region size 1024K, 21 young (21504K), 2 survivors (2048K)
 Metaspace       used 22698K, capacity 23151K, committed 23552K, reserved 1071104K
  class space    used 2462K, capacity 2694K, committed 2816K, reserved 1048576K
}
Event: 41.625 GC heap after
{Heap after GC invocations=4 (full 0):
 garbage-first heap   total 262144K, used 9216K [0x00000006c0000000, 0x00000007c0000000)
  region size 1024K, 3 young (3072K), 3 survivors (3072K)
 Metaspace       used 22698K, capacity 23151K, committed 23552K, reserved 1071104K
  class space    used 2462K, capacity 2694K, committed 2816K, reserved 1048576K
}
Event: 41.728 GC heap before
{Heap before GC invocations=4 (full 0):
 garbage-first heap   total 262144K, used 38912K [0x00000006c0000000, 0x00000007c0000000)
  region size 1024K, 32 young (32768K), 3 survivors (3072K)
 Metaspace       used 22789K, capacity 23311K, committed 23808K, reserved 1071104K
  class space    used 2468K, capacity 2726K, committed 2816K, reserved 1048576K
}
Event: 41.734 GC heap after
{Heap after GC invocations=5 (full 0):
 garbage-first heap   total 262144K, used 9580K [0x00000006c0000000, 0x00000007c0000000)
  region size 1024K, 3 young (3072K), 3 survivors (3072K)
 Metaspace       used 22789K, capacity 23311K, committed 23808K, reserved 1071104K
  class space    used 2468K, capacity 2726K, committed 2816K, reserved 1048576K
}
Event: 209786.549 GC heap before
{Heap before GC invocations=5 (full 0):
 garbage-first heap   total 262144K, used 152940K [0x00000006c0000000, 0x00000007c0000000)
  region size 1024K, 39 young (39936K), 3 survivors (3072K)
 Metaspace       used 23318K, capacity 23777K, committed 24320K, reserved 1071104K
  class space    used 2494K, capacity 2732K, committed 2816K, reserved 1048576K
}
Event: 209786.639 GC heap after
{Heap after GC invocations=6 (full 0):
 garbage-first heap   total 262144K, used 121801K [0x00000006c0000000, 0x00000007c0000000)
  region size 1024K, 7 young (7168K), 7 survivors (7168K)
 Metaspace       used 23318K, capacity 23777K, committed 24320K, reserved 1071104K
  class space    used 2494K, capacity 2732K, committed 2816K, reserved 1048576K
}

Deoptimization events (10 events):
Event: 9510.806 Thread 0x00007fcc1b1b0800 Uncommon trap: reason=unstable_if action=reinterpret pc=0x000000011b39dd74 method=sun.java2d.SunGraphics2D.validatePipe()V @ 7 c2
Event: 9510.806 Thread 0x00007fcc1b1b0800 Uncommon trap: reason=class_check action=maybe_recompile pc=0x000000011b3951e4 method=sun.java2d.pipe.GlyphListPipe.drawString(Lsun/java2d/SunGraphics2D;Ljava/lang/String;DD)V @ 156 c2
Event: 9510.826 Thread 0x00007fcc1b1b0800 Uncommon trap: reason=class_check action=maybe_recompile pc=0x000000011b37b9ac method=sun.java2d.pipe.PixelToParallelogramConverter.drawGeneralLine(Lsun/java2d/SunGraphics2D;DDDD)Z @ 268 c2
Event: 9510.828 Thread 0x00007fcc1b1b0800 Uncommon trap: reason=class_check action=maybe_recompile pc=0x000000011b37b9ac method=sun.java2d.pipe.PixelToParallelogramConverter.drawGeneralLine(Lsun/java2d/SunGraphics2D;DDDD)Z @ 268 c2
Event: 9510.828 Thread 0x00007fcc1b1b0800 Uncommon trap: reason=class_check action=maybe_recompile pc=0x000000011b37b9ac method=sun.java2d.pipe.PixelToParallelogramConverter.drawGeneralLine(Lsun/java2d/SunGraphics2D;DDDD)Z @ 268 c2
Event: 9510.828 Thread 0x00007fcc1b1b0800 Uncommon trap: reason=class_check action=maybe_recompile pc=0x000000011b37b9ac method=sun.java2d.pipe.PixelToParallelogramConverter.drawGeneralLine(Lsun/java2d/SunGraphics2D;DDDD)Z @ 268 c2
Event: 93049.068 Thread 0x00007fcc1b1b0800 Uncommon trap: reason=class_check action=maybe_recompile pc=0x000000011b35dc98 method=sun.java2d.loops.SurfaceType.pixelFor(ILjava/awt/image/ColorModel;)I @ 6 c2
Event: 93049.068 Thread 0x00007fcc1b1b0800 Uncommon trap: reason=class_check action=maybe_recompile pc=0x000000011b35dc98 method=sun.java2d.loops.SurfaceType.pixelFor(ILjava/awt/image/ColorModel;)I @ 6 c2
Event: 93049.068 Thread 0x00007fcc1b1b0800 Uncommon trap: reason=class_check action=maybe_recompile pc=0x000000011b35dc98 method=sun.java2d.loops.SurfaceType.pixelFor(ILjava/awt/image/ColorModel;)I @ 6 c2
Event: 93049.069 Thread 0x00007fcc1b1b0800 Uncommon trap: reason=class_check action=maybe_recompile pc=0x000000011b35dc98 method=sun.java2d.loops.SurfaceType.pixelFor(ILjava/awt/image/ColorModel;)I @ 6 c2

Classes redefined (0 events):
No events

Internal exceptions (10 events):
Event: 40.996 Thread 0x00007fcc1b1b0800 Exception <a 'java/lang/NoSuchMethodError'{0x00000006cf66c5e0}: <clinit>> (0x00000006cf66c5e0) thrown at [/scratch/mesos/slaves/555f5737-a945-4eb0-8d30-afb1fc816afd-S70/frameworks/1735e8a2-a1db-478c-8104-60c8b0af87dd-0196/executors/5e9592f9-a111-4fb7-8dfd
Event: 41.008 Thread 0x00007fcc1b1b0800 Exception <a 'java/lang/NoSuchMethodError'{0x00000006cf6a0580}: <clinit>> (0x00000006cf6a0580) thrown at [/scratch/mesos/slaves/555f5737-a945-4eb0-8d30-afb1fc816afd-S70/frameworks/1735e8a2-a1db-478c-8104-60c8b0af87dd-0196/executors/5e9592f9-a111-4fb7-8dfd
Event: 41.010 Thread 0x00007fcc1b1b0800 Exception <a 'java/lang/NoSuchMethodError'{0x00000006cf6ad618}: <clinit>> (0x00000006cf6ad618) thrown at [/scratch/mesos/slaves/555f5737-a945-4eb0-8d30-afb1fc816afd-S70/frameworks/1735e8a2-a1db-478c-8104-60c8b0af87dd-0196/executors/5e9592f9-a111-4fb7-8dfd
Event: 41.493 Thread 0x00007fcc1b1b0800 Exception <a 'java/lang/NoSuchMethodError'{0x00000006cf0a3160}: <clinit>> (0x00000006cf0a3160) thrown at [/scratch/mesos/slaves/555f5737-a945-4eb0-8d30-afb1fc816afd-S70/frameworks/1735e8a2-a1db-478c-8104-60c8b0af87dd-0196/executors/5e9592f9-a111-4fb7-8dfd
Event: 41.975 Thread 0x00007fcc1b1b0800 Exception <a 'java/lang/NoSuchMethodError'{0x00000006cf55c558}: method resolution failed> (0x00000006cf55c558) thrown at [/scratch/mesos/slaves/555f5737-a945-4eb0-8d30-afb1fc816afd-S70/frameworks/1735e8a2-a1db-478c-8104-60c8b0af87dd-0196/executors/5e9592f
Event: 41.976 Thread 0x00007fcc1b1b0800 Exception <a 'java/lang/NoSuchMethodError'{0x00000006cf563c18}: java.lang.invoke.DirectMethodHandle$Holder.invokeStatic(Ljava/lang/Object;ILjava/lang/Object;Ljava/lang/Object;)Ljava/lang/Object;> (0x00000006cf563c18) thrown at [/scratch/mesos/slaves/555f5
Event: 41.976 Thread 0x00007fcc1b1b0800 Exception <a 'java/lang/NoSuchMethodError'{0x00000006cf567b08}: java.lang.invoke.DirectMethodHandle$Holder.invokeSpecial(Ljava/lang/Object;Ljava/lang/Object;ILjava/lang/Object;Ljava/lang/Object;)Ljava/lang/Object;> (0x00000006cf567b08) thrown at [/scratch
Event: 43.435 Thread 0x00007fcc1b1b0800 Implicit null exception at 0x000000011b323543 to 0x000000011b32425a
Event: 43.436 Thread 0x00007fcc1b1b0800 Implicit null exception at 0x000000011b2b9e6f to 0x000000011b2ba1de
Event: 9510.678 Thread 0x00007fcc1a04a800 Implicit null exception at 0x000000011b38d141 to 0x000000011b38ef6e

Events (10 events):
Event: 93049.068 Thread 0x00007fcc1b1b0800 Uncommon trap: trap_request=0xffffffde fr.pc=0x000000011b35dc98 relative=0x0000000000000078
Event: 93049.068 Thread 0x00007fcc1b1b0800 DEOPT PACKING pc=0x000000011b35dc98 sp=0x000070000d3fcb00
Event: 93049.068 Thread 0x00007fcc1b1b0800 DEOPT UNPACKING pc=0x00000001137562a5 sp=0x000070000d3fca30 mode 2
Event: 93049.069 Thread 0x00007fcc1b1b0800 Uncommon trap: trap_request=0xffffffde fr.pc=0x000000011b35dc98 relative=0x0000000000000078
Event: 93049.069 Thread 0x00007fcc1b1b0800 DEOPT PACKING pc=0x000000011b35dc98 sp=0x000070000d3fcab0
Event: 93049.069 Thread 0x00007fcc1b1b0800 DEOPT UNPACKING pc=0x00000001137562a5 sp=0x000070000d3fc9e0 mode 2
Event: 93049.148 Executing VM operation: BulkRevokeBias
Event: 93049.149 Executing VM operation: BulkRevokeBias done
Event: 209786.548 Executing VM operation: G1IncCollectionPause
Event: 209786.639 Executing VM operation: G1IncCollectionPause done


Dynamic libraries:
0x00007fff2b8cb000 	/System/Library/Frameworks/Cocoa.framework/Versions/A/Cocoa
0x00007fff37ecb000 	/System/Library/Frameworks/Security.framework/Versions/A/Security
0x00007fff2a50f000 	/System/Library/Frameworks/ApplicationServices.framework/Versions/A/ApplicationServices
0x00007fff542e5000 	/usr/lib/libz.1.dylib
0x00007fff521a1000 	/usr/lib/libSystem.B.dylib
0x00007fff2c08e000 	/System/Library/Frameworks/CoreFoundation.framework/Versions/A/CoreFoundation
0x00007fff2e1f9000 	/System/Library/Frameworks/Foundation.framework/Versions/C/Foundation
0x00007fff538d2000 	/usr/lib/libobjc.A.dylib
0x00007fff2965f000 	/System/Library/Frameworks/AppKit.framework/Versions/C/AppKit
0x00007fff2bc43000 	/System/Library/Frameworks/CoreData.framework/Versions/A/CoreData
0x00007fff4baf5000 	/System/Library/PrivateFrameworks/RemoteViewServices.framework/Versions/A/RemoteViewServices
0x00007fff50246000 	/System/Library/PrivateFrameworks/UIFoundation.framework/Versions/A/UIFoundation
0x00007fff4091d000 	/System/Library/PrivateFrameworks/DFRFoundation.framework/Versions/A/DFRFoundation
0x00007fff30841000 	/System/Library/Frameworks/Metal.framework/Versions/A/Metal
0x00007fff40aba000 	/System/Library/PrivateFrameworks/DesktopServicesPriv.framework/Versions/A/DesktopServicesPriv
0x00007fff52e28000 	/usr/lib/libenergytrace.dylib
0x00007fff4e2bb000 	/System/Library/PrivateFrameworks/SkyLight.framework/Versions/A/SkyLight
0x00007fff2c52a000 	/System/Library/Frameworks/CoreGraphics.framework/Versions/A/CoreGraphics
0x00007fff5219c000 	/usr/lib/libScreenReader.dylib
0x00007fff28372000 	/System/Library/Frameworks/Accelerate.framework/Versions/A/Accelerate
0x00007fff2e972000 	/System/Library/Frameworks/IOSurface.framework/Versions/A/IOSurface
0x00007fff2aa59000 	/System/Library/Frameworks/AudioToolbox.framework/Versions/A/AudioToolbox
0x00007fff2ace8000 	/System/Library/Frameworks/AudioUnit.framework/Versions/A/AudioUnit
0x00007fff409b5000 	/System/Library/PrivateFrameworks/DataDetectorsCore.framework/Versions/A/DataDetectorsCore
0x00007fff2b3be000 	/System/Library/Frameworks/Carbon.framework/Versions/A/Frameworks/HIToolbox.framework/Versions/A/HIToolbox
0x00007fff52f82000 	/usr/lib/libicucore.A.dylib
0x00007fff3744c000 	/System/Library/Frameworks/QuartzCore.framework/Versions/A/QuartzCore
0x00007fff4d572000 	/System/Library/PrivateFrameworks/SignpostNotification.framework/Versions/A/SignpostNotification
0x00007fff2b7a4000 	/System/Library/Frameworks/Carbon.framework/Versions/A/Frameworks/SpeechRecognition.framework/Versions/A/SpeechRecognition
0x00007fff5237f000 	/usr/lib/libauto.dylib
0x00007fff541d4000 	/usr/lib/libxml2.2.dylib
0x00007fff40570000 	/System/Library/PrivateFrameworks/CoreUI.framework/Versions/A/CoreUI
0x00007fff2bb1f000 	/System/Library/Frameworks/CoreAudio.framework/Versions/A/CoreAudio
0x00007fff2e033000 	/System/Library/Frameworks/DiskArbitration.framework/Versions/A/DiskArbitration
0x00007fff531f6000 	/usr/lib/liblangid.dylib
0x00007fff48001000 	/System/Library/PrivateFrameworks/MultitouchSupport.framework/Versions/A/MultitouchSupport
0x00007fff2e8d5000 	/System/Library/Frameworks/IOKit.framework/Versions/A/IOKit
0x00007fff51e2b000 	/usr/lib/libDiagnosticMessagesClient.dylib
0x00007fff2d211000 	/System/Library/Frameworks/CoreServices.framework/Versions/A/CoreServices
0x00007fff49b2f000 	/System/Library/PrivateFrameworks/PerformanceAnalysis.framework/Versions/A/PerformanceAnalysis
0x00007fff365ee000 	/System/Library/Frameworks/OpenGL.framework/Versions/A/OpenGL
0x00007fff2b8d9000 	/System/Library/Frameworks/ColorSync.framework/Versions/A/ColorSync
0x00007fff2cb5a000 	/System/Library/Frameworks/CoreImage.framework/Versions/A/CoreImage
0x00007fff2dba1000 	/System/Library/Frameworks/CoreText.framework/Versions/A/CoreText
0x00007fff2e9d0000 	/System/Library/Frameworks/ImageIO.framework/Versions/A/ImageIO
0x00007fff3ccb8000 	/System/Library/PrivateFrameworks/Backup.framework/Versions/A/Backup
0x00007fff5224d000 	/usr/lib/libarchive.2.dylib
0x00007fff2b00a000 	/System/Library/Frameworks/CFNetwork.framework/Versions/A/CFNetwork
0x00007fff3865b000 	/System/Library/Frameworks/SystemConfiguration.framework/Versions/A/SystemConfiguration
0x00007fff51d54000 	/usr/lib/libCRFSuite.dylib
0x00007fff52458000 	/usr/lib/libc++.1.dylib
0x00007fff524af000 	/usr/lib/libc++abi.dylib
0x00007fff54393000 	/usr/lib/system/libcache.dylib
0x00007fff54398000 	/usr/lib/system/libcommonCrypto.dylib
0x00007fff543a3000 	/usr/lib/system/libcompiler_rt.dylib
0x00007fff543ab000 	/usr/lib/system/libcopyfile.dylib
0x00007fff543b5000 	/usr/lib/system/libcorecrypto.dylib
0x00007fff544c2000 	/usr/lib/system/libdispatch.dylib
0x00007fff544fc000 	/usr/lib/system/libdyld.dylib
0x00007fff5451a000 	/usr/lib/system/libkeymgr.dylib
0x00007fff54528000 	/usr/lib/system/liblaunch.dylib
0x00007fff54529000 	/usr/lib/system/libmacho.dylib
0x00007fff5452e000 	/usr/lib/system/libquarantine.dylib
0x00007fff54531000 	/usr/lib/system/libremovefile.dylib
0x00007fff54533000 	/usr/lib/system/libsystem_asl.dylib
0x00007fff5454b000 	/usr/lib/system/libsystem_blocks.dylib
0x00007fff5454c000 	/usr/lib/system/libsystem_c.dylib
0x00007fff545d6000 	/usr/lib/system/libsystem_configuration.dylib
0x00007fff545da000 	/usr/lib/system/libsystem_coreservices.dylib
0x00007fff545de000 	/usr/lib/system/libsystem_darwin.dylib
0x00007fff545e0000 	/usr/lib/system/libsystem_dnssd.dylib
0x00007fff545e7000 	/usr/lib/system/libsystem_info.dylib
0x00007fff54658000 	/usr/lib/system/libsystem_m.dylib
0x00007fff546a4000 	/usr/lib/system/libsystem_malloc.dylib
0x00007fff546c4000 	/usr/lib/system/libsystem_network.dylib
0x00007fff547f5000 	/usr/lib/system/libsystem_networkextension.dylib
0x00007fff54800000 	/usr/lib/system/libsystem_notify.dylib
0x00007fff5481e000 	/usr/lib/system/libsystem_sandbox.dylib
0x00007fff54822000 	/usr/lib/system/libsystem_secinit.dylib
0x00007fff54631000 	/usr/lib/system/libsystem_kernel.dylib
0x00007fff5480a000 	/usr/lib/system/libsystem_platform.dylib
0x00007fff54812000 	/usr/lib/system/libsystem_pthread.dylib
0x00007fff54824000 	/usr/lib/system/libsystem_symptoms.dylib
0x00007fff5482c000 	/usr/lib/system/libsystem_trace.dylib
0x00007fff54841000 	/usr/lib/system/libunwind.dylib
0x00007fff54847000 	/usr/lib/system/libxpc.dylib
0x00007fff51c67000 	/usr/lib/closure/libclosured.dylib
0x00007fff52439000 	/usr/lib/libbsm.0.dylib
0x00007fff5451b000 	/usr/lib/system/libkxld.dylib
0x00007fff52065000 	/usr/lib/libOpenScriptingUtil.dylib
0x00007fff527a7000 	/usr/lib/libcoretls.dylib
0x00007fff527c0000 	/usr/lib/libcoretls_cfhelpers.dylib
0x00007fff53cd6000 	/usr/lib/libpam.2.dylib
0x00007fff53dfd000 	/usr/lib/libsqlite3.dylib
0x00007fff541c3000 	/usr/lib/libxar.1.dylib
0x00007fff5244a000 	/usr/lib/libbz2.1.0.dylib
0x00007fff531f8000 	/usr/lib/liblzma.5.dylib
0x00007fff536d9000 	/usr/lib/libnetwork.dylib
0x00007fff52236000 	/usr/lib/libapple_nghttp2.dylib
0x00007fff53cdd000 	/usr/lib/libpcap.A.dylib
0x00007fff52380000 	/usr/lib/libboringssl.dylib
0x00007fff5415e000 	/usr/lib/libusrtcp.dylib
0x00007fff52235000 	/usr/lib/libapple_crypto.dylib
0x00007fff2d594000 	/System/Library/Frameworks/CoreServices.framework/Versions/A/Frameworks/FSEvents.framework/Versions/A/FSEvents
0x00007fff2d287000 	/System/Library/Frameworks/CoreServices.framework/Versions/A/Frameworks/CarbonCore.framework/Versions/A/CarbonCore
0x00007fff2d75b000 	/System/Library/Frameworks/CoreServices.framework/Versions/A/Frameworks/Metadata.framework/Versions/A/Metadata
0x00007fff2d80c000 	/System/Library/Frameworks/CoreServices.framework/Versions/A/Frameworks/OSServices.framework/Versions/A/OSServices
0x00007fff2d86d000 	/System/Library/Frameworks/CoreServices.framework/Versions/A/Frameworks/SearchKit.framework/Versions/A/SearchKit
0x00007fff2d212000 	/System/Library/Frameworks/CoreServices.framework/Versions/A/Frameworks/AE.framework/Versions/A/AE
0x00007fff2d59d000 	/System/Library/Frameworks/CoreServices.framework/Versions/A/Frameworks/LaunchServices.framework/Versions/A/LaunchServices
0x00007fff2d55f000 	/System/Library/Frameworks/CoreServices.framework/Versions/A/Frameworks/DictionaryServices.framework/Versions/A/DictionaryServices
0x00007fff2d8dc000 	/System/Library/Frameworks/CoreServices.framework/Versions/A/Frameworks/SharedFileList.framework/Versions/A/SharedFileList
0x00007fff31a77000 	/System/Library/Frameworks/NetFS.framework/Versions/A/NetFS
0x00007fff48292000 	/System/Library/PrivateFrameworks/NetAuth.framework/Versions/A/NetAuth
0x00007fff51afe000 	/System/Library/PrivateFrameworks/login.framework/Versions/A/Frameworks/loginsupport.framework/Versions/A/loginsupport
0x00007fff4fec7000 	/System/Library/PrivateFrameworks/TCC.framework/Versions/A/TCC
0x00007fff532d9000 	/usr/lib/libmecabra.dylib
0x00007fff2a510000 	/System/Library/Frameworks/ApplicationServices.framework/Versions/A/Frameworks/ATS.framework/Versions/A/ATS
0x00007fff2a8be000 	/System/Library/Frameworks/ApplicationServices.framework/Versions/A/Frameworks/ColorSyncLegacy.framework/Versions/A/ColorSyncLegacy
0x00007fff2a962000 	/System/Library/Frameworks/ApplicationServices.framework/Versions/A/Frameworks/HIServices.framework/Versions/A/HIServices
0x00007fff2a9b5000 	/System/Library/Frameworks/ApplicationServices.framework/Versions/A/Frameworks/LangAnalysis.framework/Versions/A/LangAnalysis
0x00007fff2a9c4000 	/System/Library/Frameworks/ApplicationServices.framework/Versions/A/Frameworks/PrintCore.framework/Versions/A/PrintCore
0x00007fff2aa11000 	/System/Library/Frameworks/ApplicationServices.framework/Versions/A/Frameworks/QD.framework/Versions/A/QD
0x00007fff2aa4c000 	/System/Library/Frameworks/ApplicationServices.framework/Versions/A/Frameworks/SpeechSynthesis.framework/Versions/A/SpeechSynthesis
0x00007fff2bfa8000 	/System/Library/Frameworks/CoreDisplay.framework/Versions/A/CoreDisplay
0x00007fff2838b000 	/System/Library/Frameworks/Accelerate.framework/Versions/A/Frameworks/vImage.framework/Versions/A/vImage
0x00007fff2936c000 	/System/Library/Frameworks/Accelerate.framework/Versions/A/Frameworks/vecLib.framework/Versions/A/vecLib
0x00007fff29141000 	/System/Library/Frameworks/Accelerate.framework/Versions/A/Frameworks/vecLib.framework/Versions/A/libvDSP.dylib
0x00007fff28c7b000 	/System/Library/Frameworks/Accelerate.framework/Versions/A/Frameworks/vecLib.framework/Versions/A/libBNNS.dylib
0x00007fff290a7000 	/System/Library/Frameworks/Accelerate.framework/Versions/A/Frameworks/vecLib.framework/Versions/A/libQuadrature.dylib
0x00007fff292b5000 	/System/Library/Frameworks/Accelerate.framework/Versions/A/Frameworks/vecLib.framework/Versions/A/libvMisc.dylib
0x00007fff28cb6000 	/System/Library/Frameworks/Accelerate.framework/Versions/A/Frameworks/vecLib.framework/Versions/A/libLAPACK.dylib
0x00007fff28ada000 	/System/Library/Frameworks/Accelerate.framework/Versions/A/Frameworks/vecLib.framework/Versions/A/libBLAS.dylib
0x00007fff29090000 	/System/Library/Frameworks/Accelerate.framework/Versions/A/Frameworks/vecLib.framework/Versions/A/libLinearAlgebra.dylib
0x00007fff290ad000 	/System/Library/Frameworks/Accelerate.framework/Versions/A/Frameworks/vecLib.framework/Versions/A/libSparse.dylib
0x00007fff2912e000 	/System/Library/Frameworks/Accelerate.framework/Versions/A/Frameworks/vecLib.framework/Versions/A/libSparseBLAS.dylib
0x00007fff450f6000 	/System/Library/PrivateFrameworks/GPUWrangler.framework/Versions/A/GPUWrangler
0x00007fff46873000 	/System/Library/PrivateFrameworks/IOAccelerator.framework/Versions/A/IOAccelerator
0x00007fff4687e000 	/System/Library/PrivateFrameworks/IOPresentment.framework/Versions/A/IOPresentment
0x00007fff4092f000 	/System/Library/PrivateFrameworks/DSExternalDisplay.framework/Versions/A/DSExternalDisplay
0x00007fff35a6e000 	/System/Library/Frameworks/OpenGL.framework/Versions/A/Libraries/libCoreFSCache.dylib
0x00007fff2dcf2000 	/System/Library/Frameworks/CoreVideo.framework/Versions/A/CoreVideo
0x00007fff45e71000 	/System/Library/PrivateFrameworks/GraphVisualizer.framework/Versions/A/GraphVisualizer
0x00007fff30a78000 	/System/Library/Frameworks/MetalPerformanceShaders.framework/Versions/A/MetalPerformanceShaders
0x00007fff51e63000 	/usr/lib/libFosl_dynamic.dylib
0x00007fff41a00000 	/System/Library/PrivateFrameworks/FaceCore.framework/Versions/A/FaceCore
0x00007fff34875000 	/System/Library/Frameworks/OpenCL.framework/Versions/A/OpenCL
0x00007fff524e6000 	/usr/lib/libcompression.dylib
0x00007fff2a60f000 	/System/Library/Frameworks/ApplicationServices.framework/Versions/A/Frameworks/ATS.framework/Versions/A/Resources/libFontParser.dylib
0x00007fff2a732000 	/System/Library/Frameworks/ApplicationServices.framework/Versions/A/Frameworks/ATS.framework/Versions/A/Resources/libFontRegistry.dylib
0x00007fff2ec3b000 	/System/Library/Frameworks/ImageIO.framework/Versions/A/Resources/libJPEG.dylib
0x00007fff2ef65000 	/System/Library/Frameworks/ImageIO.framework/Versions/A/Resources/libTIFF.dylib
0x00007fff2ef3b000 	/System/Library/Frameworks/ImageIO.framework/Versions/A/Resources/libPng.dylib
0x00007fff2eb4e000 	/System/Library/Frameworks/ImageIO.framework/Versions/A/Resources/libGIF.dylib
0x00007fff2eb53000 	/System/Library/Frameworks/ImageIO.framework/Versions/A/Resources/libJP2.dylib
0x00007fff2ef62000 	/System/Library/Frameworks/ImageIO.framework/Versions/A/Resources/libRadiance.dylib
0x00007fff3c3e5000 	/System/Library/PrivateFrameworks/AppleJPEG.framework/Versions/A/AppleJPEG
0x00007fff308df000 	/System/Library/Frameworks/MetalPerformanceShaders.framework/Frameworks/MPSCore.framework/Versions/A/MPSCore
0x00007fff308fb000 	/System/Library/Frameworks/MetalPerformanceShaders.framework/Frameworks/MPSImage.framework/Versions/A/MPSImage
0x00007fff30990000 	/System/Library/Frameworks/MetalPerformanceShaders.framework/Frameworks/MPSNeuralNetwork.framework/Versions/A/MPSNeuralNetwork
0x00007fff3096b000 	/System/Library/Frameworks/MetalPerformanceShaders.framework/Frameworks/MPSMatrix.framework/Versions/A/MPSMatrix
0x00007fff47d41000 	/System/Library/PrivateFrameworks/MetalTools.framework/Versions/A/MetalTools
0x00007fff35c38000 	/System/Library/Frameworks/OpenGL.framework/Versions/A/Libraries/libGLU.dylib
0x00007fff35a79000 	/System/Library/Frameworks/OpenGL.framework/Versions/A/Libraries/libGFXShared.dylib
0x00007fff35a83000 	/System/Library/Frameworks/OpenGL.framework/Versions/A/Libraries/libGL.dylib
0x00007fff35a8f000 	/System/Library/Frameworks/OpenGL.framework/Versions/A/Libraries/libGLImage.dylib
0x00007fff35a6b000 	/System/Library/Frameworks/OpenGL.framework/Versions/A/Libraries/libCVMSPluginSupport.dylib
0x00007fff35a74000 	/System/Library/Frameworks/OpenGL.framework/Versions/A/Libraries/libCoreVMClient.dylib
0x00007fff52c92000 	/usr/lib/libcups.2.dylib
0x00007fff2fe4e000 	/System/Library/Frameworks/Kerberos.framework/Versions/A/Kerberos
0x00007fff2e62f000 	/System/Library/Frameworks/GSS.framework/Versions/A/GSS
0x00007fff53d90000 	/usr/lib/libresolv.9.dylib
0x00007fff52e90000 	/usr/lib/libiconv.2.dylib
0x00007fff45f03000 	/System/Library/PrivateFrameworks/Heimdal.framework/Versions/A/Heimdal
0x00007fff52e5f000 	/usr/lib/libheimdal-asn1.dylib
0x00007fff348e1000 	/System/Library/Frameworks/OpenDirectory.framework/Versions/A/OpenDirectory
0x00007fff3e6f5000 	/System/Library/PrivateFrameworks/CommonAuth.framework/Versions/A/CommonAuth
0x00007fff348c4000 	/System/Library/Frameworks/OpenDirectory.framework/Versions/A/Frameworks/CFOpenDirectory.framework/Versions/A/CFOpenDirectory
0x00007fff381f4000 	/System/Library/Frameworks/SecurityFoundation.framework/Versions/A/SecurityFoundation
0x00007fff3b5bc000 	/System/Library/PrivateFrameworks/APFS.framework/Versions/A/APFS
0x00007fff541bf000 	/usr/lib/libutil.dylib
0x00007fff3c468000 	/System/Library/PrivateFrameworks/AppleSauce.framework/Versions/A/AppleSauce
0x00007fff4705b000 	/System/Library/PrivateFrameworks/LinguisticData.framework/Versions/A/LinguisticData
0x00007fff53212000 	/usr/lib/libmarisa.dylib
0x00007fff47015000 	/System/Library/PrivateFrameworks/Lexicon.framework/Versions/A/Lexicon
0x00007fff51d8e000 	/usr/lib/libChineseTokenizer.dylib
0x00007fff524d5000 	/usr/lib/libcmph.dylib
0x00007fff46f1f000 	/System/Library/PrivateFrameworks/LanguageModeling.framework/Versions/A/LanguageModeling
0x00007fff3f201000 	/System/Library/PrivateFrameworks/CoreEmoji.framework/Versions/A/CoreEmoji
0x00007fff382b2000 	/System/Library/Frameworks/ServiceManagement.framework/Versions/A/ServiceManagement
0x00007fff3ccb0000 	/System/Library/PrivateFrameworks/BackgroundTaskManagement.framework/Versions/A/BackgroundTaskManagement
0x00007fff542bc000 	/usr/lib/libxslt.1.dylib
0x00007fff2b6ce000 	/System/Library/Frameworks/Carbon.framework/Versions/A/Frameworks/Ink.framework/Versions/A/Ink
0x00007fff500dc000 	/System/Library/PrivateFrameworks/TextureIO.framework/Versions/A/TextureIO
0x00007fff52278000 	/usr/lib/libate.dylib
0x00007fff4088f000 	/System/Library/PrivateFrameworks/CrashReporterSupport.framework/Versions/A/CrashReporterSupport
0x00007fff4d435000 	/System/Library/PrivateFrameworks/Sharing.framework/Versions/A/Sharing
0x00007fff46c61000 	/System/Library/PrivateFrameworks/IconServices.framework/Versions/A/IconServices
0x00007fff3c26a000 	/System/Library/PrivateFrameworks/Apple80211.framework/Versions/A/Apple80211
0x00007fff406a5000 	/System/Library/PrivateFrameworks/CoreUtils.framework/Versions/A/CoreUtils
0x00007fff2dd2d000 	/System/Library/Frameworks/CoreWLAN.framework/Versions/A/CoreWLAN
0x00007fff2e771000 	/System/Library/Frameworks/IOBluetooth.framework/Versions/A/IOBluetooth
0x00007fff4b8fd000 	/System/Library/PrivateFrameworks/ProtocolBuffer.framework/Versions/A/ProtocolBuffer
0x00007fff4082a000 	/System/Library/PrivateFrameworks/CoreWiFi.framework/Versions/A/CoreWiFi
0x00007fff2bc19000 	/System/Library/Frameworks/CoreBluetooth.framework/Versions/A/CoreBluetooth
0x00007fff40a79000 	/System/Library/PrivateFrameworks/DebugSymbols.framework/Versions/A/DebugSymbols
0x00007fff4045c000 	/System/Library/PrivateFrameworks/CoreSymbolication.framework/Versions/A/CoreSymbolication
0x00007fff4f8ce000 	/System/Library/PrivateFrameworks/Symbolication.framework/Versions/A/Symbolication
0x00007fff3c294000 	/System/Library/PrivateFrameworks/AppleFSCompression.framework/Versions/A/AppleFSCompression
0x00007fff4ed1d000 	/System/Library/PrivateFrameworks/SpeechRecognitionCore.framework/Versions/A/SpeechRecognitionCore
0x0000000104a00000 	/Library/Java/JavaVirtualMachines/jdk-10.0.1.jdk/Contents/Home/lib/server/libjvm.dylib
0x00007fff5408c000 	/usr/lib/libstdc++.6.0.9.dylib
0x00000001057a0000 	/Library/Java/JavaVirtualMachines/jdk-10.0.1.jdk/Contents/Home/lib/libverify.dylib
0x00000001057ad000 	/Library/Java/JavaVirtualMachines/jdk-10.0.1.jdk/Contents/Home/lib/libjava.dylib
0x0000000105829000 	/Library/Java/JavaVirtualMachines/jdk-10.0.1.jdk/Contents/Home/lib/libzip.dylib
0x0000000105831000 	/Library/Java/JavaVirtualMachines/jdk-10.0.1.jdk/Contents/Home/lib/libjimage.dylib
0x0000000107cc5000 	/Library/Java/JavaVirtualMachines/jdk-10.0.1.jdk/Contents/Home/lib/libnio.dylib
0x0000000107cd5000 	/Library/Java/JavaVirtualMachines/jdk-10.0.1.jdk/Contents/Home/lib/./libnet.dylib
0x0000000107d74000 	/Library/Java/JavaVirtualMachines/jdk-10.0.1.jdk/Contents/Home/lib/libawt.dylib
0x0000000107e19000 	/Library/Java/JavaVirtualMachines/jdk-10.0.1.jdk/Contents/Home/lib/./libmlib_image.dylib
0x00007fff2fe37000 	/System/Library/Frameworks/JavaVM.framework/Versions/A/Frameworks/JavaNativeFoundation.framework/Versions/A/JavaNativeFoundation
0x00007fff2fe40000 	/System/Library/Frameworks/JavaVM.framework/Versions/A/Frameworks/JavaRuntimeSupport.framework/Versions/A/JavaRuntimeSupport
0x00007fff2fe49000 	/System/Library/Frameworks/JavaVM.framework/Versions/A/JavaVM
0x00007fff46e21000 	/System/Library/PrivateFrameworks/JavaLaunching.framework/Versions/A/JavaLaunching
0x00007fff2b3b9000 	/System/Library/Frameworks/Carbon.framework/Versions/A/Carbon
0x00007fff2b3ba000 	/System/Library/Frameworks/Carbon.framework/Versions/A/Frameworks/CommonPanels.framework/Versions/A/CommonPanels
0x00007fff2b6c4000 	/System/Library/Frameworks/Carbon.framework/Versions/A/Frameworks/Help.framework/Versions/A/Help
0x00007fff2b6c8000 	/System/Library/Frameworks/Carbon.framework/Versions/A/Frameworks/ImageCapture.framework/Versions/A/ImageCapture
0x00007fff2b764000 	/System/Library/Frameworks/Carbon.framework/Versions/A/Frameworks/OpenScripting.framework/Versions/A/OpenScripting
0x00007fff2b79f000 	/System/Library/Frameworks/Carbon.framework/Versions/A/Frameworks/Print.framework/Versions/A/Print
0x00007fff2b7a1000 	/System/Library/Frameworks/Carbon.framework/Versions/A/Frameworks/SecurityHI.framework/Versions/A/SecurityHI
0x0000000107e87000 	/Library/Java/JavaVirtualMachines/jdk-10.0.1.jdk/Contents/Home/lib/libawt_lwawt.dylib
0x0000000107f47000 	/Library/Java/JavaVirtualMachines/jdk-10.0.1.jdk/Contents/Home/lib/./libosxapp.dylib
0x00007fff2e1d2000 	/System/Library/Frameworks/ExceptionHandling.framework/Versions/A/ExceptionHandling
0x00000001080bf000 	/Library/Java/JavaVirtualMachines/jdk-10.0.1.jdk/Contents/Home/lib/libfontmanager.dylib
0x00007fff400ef000 	/System/Library/PrivateFrameworks/CoreServicesInternal.framework/Versions/A/CoreServicesInternal
0x00007fff243b1000 	/System/Library/CoreServices/RawCamera.bundle/Contents/MacOS/RawCamera
0x00007fff47db3000 	/System/Library/PrivateFrameworks/MobileAsset.framework/Versions/A/MobileAsset
0x00007fff4f1d5000 	/System/Library/PrivateFrameworks/StreamingZip.framework/Versions/A/StreamingZip
0x00007fff301d8000 	/System/Library/Frameworks/MediaToolbox.framework/Versions/A/MediaToolbox
0x00007fff3ee43000 	/System/Library/PrivateFrameworks/CoreAVCHD.framework/Versions/A/CoreAVCHD
0x00007fff30125000 	/System/Library/Frameworks/MediaAccessibility.framework/Versions/A/MediaAccessibility
0x00007fff47861000 	/System/Library/PrivateFrameworks/Mangrove.framework/Versions/A/Mangrove
0x00007fff2d0d8000 	/System/Library/Frameworks/CoreMedia.framework/Versions/A/CoreMedia
0x00007fff38880000 	/System/Library/Frameworks/VideoToolbox.framework/Versions/A/VideoToolbox
0x00007fff3ea3a000 	/System/Library/PrivateFrameworks/CoreAUC.framework/Versions/A/CoreAUC
0x00007fff53dfb000 	/usr/lib/libspindump.dylib
0x00007fff3c55d000 	/System/Library/PrivateFrameworks/AppleVA.framework/Versions/A/AppleVA
0x00007fff28373000 	/System/Library/Frameworks/Accelerate.framework/Versions/A/Frameworks/vImage.framework/Versions/A/Libraries/libCGInterfaces.dylib
0x00007fff2a821000 	/System/Library/Frameworks/ApplicationServices.framework/Versions/A/Frameworks/ATS.framework/Versions/A/Resources/libTrueTypeScaler.dylib
0x00007fff25c8c000 	/System/Library/Extensions/AppleIntelHD4000GraphicsMTLDriver.bundle/Contents/MacOS/AppleIntelHD4000GraphicsMTLDriver
0x00007fff43a8a000 	/System/Library/PrivateFrameworks/GPUCompiler.framework/Versions/3802/Libraries/libmetal_timestamp.dylib
0x0000000130716000 	/Library/Java/JavaVirtualMachines/jdk-10.0.1.jdk/Contents/Home/lib/libosxui.dylib
0x00007fff510ca000 	/System/Library/PrivateFrameworks/ViewBridge.framework/Versions/A/ViewBridge
0x00007fff365fe000 	/System/Library/Frameworks/OpenGL.framework/Versions/A/Resources/GLEngine.bundle/GLEngine
0x00007fff35acb000 	/System/Library/Frameworks/OpenGL.framework/Versions/A/Libraries/libGLProgrammability.dylib
0x0000000131a99000 	/System/Library/Extensions/AppleIntelHD4000GraphicsGLDriver.bundle/Contents/MacOS/AppleIntelHD4000GraphicsGLDriver
0x00007fff450ea000 	/System/Library/PrivateFrameworks/GPUSupport.framework/Versions/A/Libraries/libGPUSupportMercury.dylib
0x00007fff36796000 	/System/Library/Frameworks/OpenGL.framework/Versions/A/Resources/GLRendererFloat.bundle/GLRendererFloat
0x00007fff3486c000 	/System/Library/Frameworks/OpenCL.framework/Versions/A/Libraries/libcldcpuengine.dylib
0x00007fff5295a000 	/usr/lib/libcrypto.35.dylib
0x00007fff5023f000 	/System/Library/PrivateFrameworks/TrustEvaluationAgent.framework/Versions/A/TrustEvaluationAgent
0x00000001737b2000 	/Library/Java/JavaVirtualMachines/jdk-10.0.1.jdk/Contents/Home/lib/libprefs.dylib
0x00007fff3db73000 	/System/Library/PrivateFrameworks/CloudDocs.framework/Versions/A/CloudDocs
0x00007fff41e61000 	/System/Library/PrivateFrameworks/FileProvider.framework/Versions/A/FileProvider
0x00007fff4eddc000 	/System/Library/PrivateFrameworks/SpotlightIndex.framework/Versions/A/SpotlightIndex
0x00007fff4f968000 	/System/Library/PrivateFrameworks/SymptomDiagnosticReporter.framework/Versions/A/SymptomDiagnosticReporter
0x00007fff454af000 	/System/Library/PrivateFrameworks/GenerationalStorage.framework/Versions/A/GenerationalStorage
0x00007fff3db1d000 	/System/Library/PrivateFrameworks/ChunkingLibrary.framework/Versions/A/ChunkingLibrary
0x00007fff3fc2b000 	/System/Library/PrivateFrameworks/CoreNLP.framework/Versions/A/CoreNLP
0x00007fff53229000 	/usr/lib/libmecab.1.0.0.dylib
0x00007fff52e5a000 	/usr/lib/libgermantok.dylib
0x00007fff52221000 	/usr/lib/libThaiTokenizer.dylib
0x00007fff51b01000 	/System/Library/PrivateFrameworks/login.framework/Versions/A/login


VM Arguments:
jvm_args: -Dfile.encoding=UTF-8 
java_command: dwvisser.SpecPlot
java_class_path (initial): /Users/eringood/Desktop/SPS code/workspace/Astro Code SABRE
Launcher Type: SUN_STANDARD

Logging:
Log output configuration:
#0: stdout all=warning uptime,level,tags
#1: stderr all=off uptime,level,tags

Environment Variables:
PATH=/usr/bin:/bin:/usr/sbin:/sbin
SHELL=/bin/bash
DISPLAY=/private/tmp/com.apple.launchd.uicqITXQpM/org.macosforge.xquartz:0

Signal Handlers:
SIGSEGV: [libjvm.dylib+0x79ac14], sa_mask[0]=11111111011111110111111111111111, sa_flags=SA_ONSTACK|SA_RESTART|SA_SIGINFO
SIGBUS: [libjvm.dylib+0x79ac14], sa_mask[0]=11111111011111110111111111111111, sa_flags=SA_RESTART|SA_SIGINFO
SIGFPE: [libjvm.dylib+0x79ac14], sa_mask[0]=11111111011111110111111111111111, sa_flags=SA_RESTART|SA_SIGINFO
SIGPIPE: [libjvm.dylib+0x635960], sa_mask[0]=11111111011111110111111111111111, sa_flags=SA_RESTART|SA_SIGINFO
SIGXFSZ: [libjvm.dylib+0x635960], sa_mask[0]=11111111011111110111111111111111, sa_flags=SA_RESTART|SA_SIGINFO
SIGILL: [libjvm.dylib+0x79ac14], sa_mask[0]=11111111011111110111111111111111, sa_flags=SA_RESTART|SA_SIGINFO
SIGUSR2: [libjvm.dylib+0x6361f0], sa_mask[0]=00100000000000000000000000000000, sa_flags=SA_RESTART|SA_SIGINFO
SIGHUP: [libjvm.dylib+0x6349db], sa_mask[0]=11111111011111110111111111111111, sa_flags=SA_RESTART|SA_SIGINFO
SIGINT: [libjvm.dylib+0x6349db], sa_mask[0]=11111111011111110111111111111111, sa_flags=SA_RESTART|SA_SIGINFO
SIGTERM: [libjvm.dylib+0x6349db], sa_mask[0]=11111111011111110111111111111111, sa_flags=SA_RESTART|SA_SIGINFO
SIGQUIT: [libjvm.dylib+0x6349db], sa_mask[0]=11111111011111110111111111111111, sa_flags=SA_RESTART|SA_SIGINFO


---------------  S Y S T E M  ---------------

OS:uname:Darwin 17.5.0 Darwin Kernel Version 17.5.0: Mon Mar  5 22:24:32 PST 2018; root:xnu-4570.51.1~1/RELEASE_X86_64 x86_64
rlimit: STACK 8192k, CORE 0k, NPROC 1418, NOFILE 10240, AS infinity, DATA infinity, FSIZE infinity
load average:2.03 1.99 2.00

CPU:total 4 (initial active 4) (2 cores per cpu, 2 threads per core) family 6 model 58 stepping 9, cmov, cx8, fxsr, mmx, sse, sse2, sse3, ssse3, sse4.1, sse4.2, popcnt, avx, aes, clmul, erms, ht, tsc, tscinvbit, tscinv

Memory: 4k page, physical 16777216k(3574132k free)

vm_info: Java HotSpot(TM) 64-Bit Server VM (10.0.1+10) for bsd-amd64 JRE (10.0.1+10), built on Mar 27 2018 01:13:17 by "mach5one" with gcc 4.2.1 Compatible Apple LLVM 6.1.0 (clang-602.0.49)

END.
